0 info it worked if it ends with ok
1 verbose cli [ '/usr/bin/node', '/usr/bin/npm', 'install', 'jquery' ]
2 info using npm@3.10.10
3 info using node@v6.12.3
4 verbose config Skipping project config: /home/ange-marie/.npmrc. (matches userconfig)
5 silly loadCurrentTree Starting
6 silly install loadCurrentTree
7 silly install readLocalPackageData
8 silly fetchPackageMetaData jquery
9 silly fetchNamedPackageData jquery
10 silly mapToRegistry name jquery
11 silly mapToRegistry using default registry
12 silly mapToRegistry registry https://registry.npmjs.org/
13 silly mapToRegistry data Result {
13 silly mapToRegistry   raw: 'jquery',
13 silly mapToRegistry   scope: null,
13 silly mapToRegistry   escapedName: 'jquery',
13 silly mapToRegistry   name: 'jquery',
13 silly mapToRegistry   rawSpec: '',
13 silly mapToRegistry   spec: 'latest',
13 silly mapToRegistry   type: 'tag' }
14 silly mapToRegistry uri https://registry.npmjs.org/jquery
15 verbose request uri https://registry.npmjs.org/jquery
16 verbose request no auth needed
17 info attempt registry request try #1 at 11:41:47
18 verbose request id 3a1bf78090db91a5
19 http request GET https://registry.npmjs.org/jquery
20 http 200 https://registry.npmjs.org/jquery
21 verbose headers { 'content-type': 'application/json; charset=UTF-8',
21 verbose headers   server: 'UploadServer',
21 verbose headers   'cache-control': 'max-age=300',
21 verbose headers   'last-modified': 'Tue, 9 Jan 2018 7:55:34 GMT',
21 verbose headers   etag: '"5a547576-164cc"',
21 verbose headers   'content-encoding': 'gzip',
21 verbose headers   'content-length': '11172',
21 verbose headers   'accept-ranges': 'bytes',
21 verbose headers   date: 'Wed, 10 Jan 2018 10:41:48 GMT',
21 verbose headers   via: '1.1 varnish',
21 verbose headers   age: '9549',
21 verbose headers   connection: 'keep-alive',
21 verbose headers   'x-served-by': 'cache-cdg8727-CDG',
21 verbose headers   'x-cache': 'HIT',
21 verbose headers   'x-cache-hits': '95',
21 verbose headers   'x-timer': 'S1515580908.427798,VS0,VE0',
21 verbose headers   vary: 'Accept-Encoding, Accept' }
22 silly get cb [ 200,
22 silly get   { 'content-type': 'application/json; charset=UTF-8',
22 silly get     server: 'UploadServer',
22 silly get     'cache-control': 'max-age=300',
22 silly get     'last-modified': 'Tue, 9 Jan 2018 7:55:34 GMT',
22 silly get     etag: '"5a547576-164cc"',
22 silly get     'content-encoding': 'gzip',
22 silly get     'content-length': '11172',
22 silly get     'accept-ranges': 'bytes',
22 silly get     date: 'Wed, 10 Jan 2018 10:41:48 GMT',
22 silly get     via: '1.1 varnish',
22 silly get     age: '9549',
22 silly get     connection: 'keep-alive',
22 silly get     'x-served-by': 'cache-cdg8727-CDG',
22 silly get     'x-cache': 'HIT',
22 silly get     'x-cache-hits': '95',
22 silly get     'x-timer': 'S1515580908.427798,VS0,VE0',
22 silly get     vary: 'Accept-Encoding, Accept' } ]
23 verbose get saving jquery to /home/ange-marie/.npm/registry.npmjs.org/jquery/.cache.json
24 verbose correctMkdir /home/ange-marie/.npm correctMkdir not in flight; initializing
25 silly install normalizeTree
26 silly loadCurrentTree Finishing
27 silly loadIdealTree Starting
28 silly install loadIdealTree
29 silly cloneCurrentTree Starting
30 silly install cloneCurrentTreeToIdealTree
31 silly cloneCurrentTree Finishing
32 silly loadShrinkwrap Starting
33 silly install loadShrinkwrap
34 silly loadShrinkwrap Finishing
35 silly loadAllDepsIntoIdealTree Starting
36 silly install loadAllDepsIntoIdealTree
37 silly resolveWithNewModule jquery@3.2.1 checking installable status
38 silly cache add args [ 'jquery', null ]
39 verbose cache add spec jquery
40 silly cache add parsed spec Result {
40 silly cache add   raw: 'jquery',
40 silly cache add   scope: null,
40 silly cache add   escapedName: 'jquery',
40 silly cache add   name: 'jquery',
40 silly cache add   rawSpec: '',
40 silly cache add   spec: 'latest',
40 silly cache add   type: 'tag' }
41 silly addNamed jquery@latest
42 verbose addNamed "latest" is being treated as a dist-tag for jquery
43 info addNameTag [ 'jquery', 'latest' ]
44 silly mapToRegistry name jquery
45 silly mapToRegistry using default registry
46 silly mapToRegistry registry https://registry.npmjs.org/
47 silly mapToRegistry data Result {
47 silly mapToRegistry   raw: 'jquery',
47 silly mapToRegistry   scope: null,
47 silly mapToRegistry   escapedName: 'jquery',
47 silly mapToRegistry   name: 'jquery',
47 silly mapToRegistry   rawSpec: '',
47 silly mapToRegistry   spec: 'latest',
47 silly mapToRegistry   type: 'tag' }
48 silly mapToRegistry uri https://registry.npmjs.org/jquery
49 verbose addNameTag registry:https://registry.npmjs.org/jquery not in flight; fetching
50 verbose get https://registry.npmjs.org/jquery not expired, no request
51 silly addNameTag next cb for jquery with tag latest
52 silly addNamed jquery@3.2.1
53 verbose addNamed "3.2.1" is a plain semver version for jquery
54 silly mapToRegistry name jquery
55 silly mapToRegistry using default registry
56 silly mapToRegistry registry https://registry.npmjs.org/
57 silly mapToRegistry data Result {
57 silly mapToRegistry   raw: 'jquery',
57 silly mapToRegistry   scope: null,
57 silly mapToRegistry   escapedName: 'jquery',
57 silly mapToRegistry   name: 'jquery',
57 silly mapToRegistry   rawSpec: '',
57 silly mapToRegistry   spec: 'latest',
57 silly mapToRegistry   type: 'tag' }
58 silly mapToRegistry uri https://registry.npmjs.org/jquery
59 verbose addRemoteTarball https://registry.npmjs.org/jquery/-/jquery-3.2.1.tgz not in flight; adding
60 verbose addRemoteTarball [ 'https://registry.npmjs.org/jquery/-/jquery-3.2.1.tgz',
60 verbose addRemoteTarball   '5c4d9de652af6cd0a770154a631bba12b015c787' ]
61 info retry fetch attempt 1 at 11:41:49
62 info attempt registry request try #1 at 11:41:49
63 http fetch GET https://registry.npmjs.org/jquery/-/jquery-3.2.1.tgz
64 http fetch 200 https://registry.npmjs.org/jquery/-/jquery-3.2.1.tgz
65 silly fetchAndShaCheck shasum 5c4d9de652af6cd0a770154a631bba12b015c787
66 verbose addTmpTarball /tmp/npm-5118-c57fb7d6/registry.npmjs.org/jquery/-/jquery-3.2.1.tgz not in flight; adding
67 verbose addTmpTarball already have metadata; skipping unpack for jquery@3.2.1
68 verbose correctMkdir /home/ange-marie/.npm correctMkdir not in flight; initializing
69 silly cache afterAdd jquery@3.2.1
70 verbose afterAdd /home/ange-marie/.npm/jquery/3.2.1/package/package.json not in flight; writing
71 verbose correctMkdir /home/ange-marie/.npm correctMkdir not in flight; initializing
72 verbose afterAdd /home/ange-marie/.npm/jquery/3.2.1/package/package.json written
73 silly fetchNamedPackageData fsevents
74 silly mapToRegistry name fsevents
75 silly mapToRegistry using default registry
76 silly mapToRegistry registry https://registry.npmjs.org/
77 silly mapToRegistry data Result {
77 silly mapToRegistry   raw: 'fsevents',
77 silly mapToRegistry   scope: null,
77 silly mapToRegistry   escapedName: 'fsevents',
77 silly mapToRegistry   name: 'fsevents',
77 silly mapToRegistry   rawSpec: '',
77 silly mapToRegistry   spec: 'latest',
77 silly mapToRegistry   type: 'tag' }
78 silly mapToRegistry uri https://registry.npmjs.org/fsevents
79 verbose request uri https://registry.npmjs.org/fsevents
80 verbose request no auth needed
81 info attempt registry request try #1 at 11:41:50
82 verbose etag W/"59e7e5d7-ddaf"
83 verbose lastModified Wed, 18 Oct 2017 23:37:59 GMT
84 http request GET https://registry.npmjs.org/fsevents
85 http 200 https://registry.npmjs.org/fsevents
86 verbose headers { 'content-type': 'application/json; charset=UTF-8',
86 verbose headers   server: 'UploadServer',
86 verbose headers   'cache-control': 'max-age=300',
86 verbose headers   'last-modified': 'Wed, 29 Nov 2017 10:42:05 GMT',
86 verbose headers   etag: '"5a1e8efd-e513"',
86 verbose headers   'content-encoding': 'gzip',
86 verbose headers   'content-length': '7286',
86 verbose headers   'accept-ranges': 'bytes',
86 verbose headers   date: 'Wed, 10 Jan 2018 10:41:50 GMT',
86 verbose headers   via: '1.1 varnish',
86 verbose headers   age: '3380',
86 verbose headers   connection: 'keep-alive',
86 verbose headers   'x-served-by': 'cache-cdg8727-CDG',
86 verbose headers   'x-cache': 'HIT',
86 verbose headers   'x-cache-hits': '233',
86 verbose headers   'x-timer': 'S1515580910.084135,VS0,VE0',
86 verbose headers   vary: 'Accept-Encoding, Accept' }
87 silly get cb [ 200,
87 silly get   { 'content-type': 'application/json; charset=UTF-8',
87 silly get     server: 'UploadServer',
87 silly get     'cache-control': 'max-age=300',
87 silly get     'last-modified': 'Wed, 29 Nov 2017 10:42:05 GMT',
87 silly get     etag: '"5a1e8efd-e513"',
87 silly get     'content-encoding': 'gzip',
87 silly get     'content-length': '7286',
87 silly get     'accept-ranges': 'bytes',
87 silly get     date: 'Wed, 10 Jan 2018 10:41:50 GMT',
87 silly get     via: '1.1 varnish',
87 silly get     age: '3380',
87 silly get     connection: 'keep-alive',
87 silly get     'x-served-by': 'cache-cdg8727-CDG',
87 silly get     'x-cache': 'HIT',
87 silly get     'x-cache-hits': '233',
87 silly get     'x-timer': 'S1515580910.084135,VS0,VE0',
87 silly get     vary: 'Accept-Encoding, Accept' } ]
88 verbose get saving fsevents to /home/ange-marie/.npm/registry.npmjs.org/fsevents/.cache.json
89 verbose correctMkdir /home/ange-marie/.npm correctMkdir not in flight; initializing
90 silly resolveWithNewModule fsevents@1.1.3 checking installable status
91 silly loadAllDepsIntoIdealTree Finishing
92 silly loadIdealTree Finishing
93 silly currentTree ange-marie
93 silly currentTree ├─┬ @ionic/cli-utils@1.9.2
93 silly currentTree │ ├── ansi-escapes@2.0.0
93 silly currentTree │ ├── ansi-regex@3.0.0
93 silly currentTree │ ├── ansi-styles@3.2.0
93 silly currentTree │ ├── chalk@2.1.0
93 silly currentTree │ ├── cli-cursor@2.1.0
93 silly currentTree │ ├── cli-width@2.2.0
93 silly currentTree │ ├── elementtree@0.1.7
93 silly currentTree │ ├── figures@2.0.0
93 silly currentTree │ ├── inquirer@3.2.3
93 silly currentTree │ ├── lodash@4.17.4
93 silly currentTree │ ├── minimist@1.2.0
93 silly currentTree │ ├── onetime@2.0.1
93 silly currentTree │ ├── restore-cursor@2.0.0
93 silly currentTree │ ├── run-async@2.3.0
93 silly currentTree │ ├── rx-lite@4.0.8
93 silly currentTree │ ├── sax@1.1.4
93 silly currentTree │ ├── strip-ansi@4.0.0
93 silly currentTree │ ├── supports-color@4.4.0
93 silly currentTree │ └── uuid@3.1.0
93 silly currentTree ├── @types/gulp@3.8.33
93 silly currentTree ├── @types/node@8.0.26
93 silly currentTree ├── @types/orchestrator@0.3.0
93 silly currentTree ├── @types/q@0.0.37
93 silly currentTree ├── @types/vinyl@2.0.1
93 silly currentTree ├── abbrev@1.1.0
93 silly currentTree ├── accepts@1.3.4
93 silly currentTree ├── acorn@5.1.2
93 silly currentTree ├── aliasify@2.1.0
93 silly currentTree ├── ansi-escapes@1.4.0
93 silly currentTree ├── ansi-regex@2.1.1
93 silly currentTree ├── ansi-styles@2.2.1
93 silly currentTree ├── ansi@0.3.1
93 silly currentTree ├── anymatch@1.3.2
93 silly currentTree ├─┬ archiver-utils@1.3.0
93 silly currentTree │ ├── glob@7.1.2
93 silly currentTree │ └── lodash@4.17.4
93 silly currentTree ├─┬ archiver@2.0.3
93 silly currentTree │ ├── async@2.5.0
93 silly currentTree │ ├── glob@7.1.2
93 silly currentTree │ └── lodash@4.17.4
93 silly currentTree ├── arr-diff@2.0.0
93 silly currentTree ├── arr-flatten@1.1.0
93 silly currentTree ├── array-filter@0.0.1
93 silly currentTree ├── array-flatten@1.1.1
93 silly currentTree ├── array-map@0.0.0
93 silly currentTree ├── array-reduce@0.0.0
93 silly currentTree ├── array-unique@0.2.1
93 silly currentTree ├── asn1.js@4.9.1
93 silly currentTree ├── asn1@0.2.3
93 silly currentTree ├── assert-plus@0.2.0
93 silly currentTree ├── assert@1.4.1
93 silly currentTree ├─┬ astw@2.2.0
93 silly currentTree │ └── acorn@4.0.13
93 silly currentTree ├── async-each@1.0.1
93 silly currentTree ├── async@1.5.2
93 silly currentTree ├── asynckit@0.4.0
93 silly currentTree ├── aws-sign2@0.6.0
93 silly currentTree ├── aws4@1.6.0
93 silly currentTree ├── balanced-match@1.0.0
93 silly currentTree ├── base64-js@0.0.8
93 silly currentTree ├── bcrypt-pbkdf@1.0.1
93 silly currentTree ├── big-integer@1.6.24
93 silly currentTree ├── binary-extensions@1.10.0
93 silly currentTree ├── bl@1.2.1
93 silly currentTree ├── block-stream@0.0.9
93 silly currentTree ├── bn.js@4.11.8
93 silly currentTree ├── body@5.1.0
93 silly currentTree ├── boom@2.10.1
93 silly currentTree ├── bplist-creator@0.0.7
93 silly currentTree ├── bplist-parser@0.1.1
93 silly currentTree ├── brace-expansion@1.1.8
93 silly currentTree ├── braces@1.8.5
93 silly currentTree ├── brorand@1.1.0
93 silly currentTree ├── browser-pack@6.0.2
93 silly currentTree ├─┬ browser-resolve@1.11.2
93 silly currentTree │ └── resolve@1.1.7
93 silly currentTree ├── browserify-aes@1.0.8
93 silly currentTree ├── browserify-cipher@1.0.0
93 silly currentTree ├── browserify-des@1.0.0
93 silly currentTree ├── browserify-rsa@4.0.1
93 silly currentTree ├── browserify-sign@4.0.4
93 silly currentTree ├── browserify-transform-tools@1.7.0
93 silly currentTree ├── browserify-zlib@0.1.4
93 silly currentTree ├─┬ browserify@13.3.0
93 silly currentTree │ └── glob@7.1.2
93 silly currentTree ├── buffer-crc32@0.2.13
93 silly currentTree ├── buffer-xor@1.0.3
93 silly currentTree ├─┬ buffer@4.9.1
93 silly currentTree │ ├── base64-js@1.2.1
93 silly currentTree │ └── isarray@1.0.0
93 silly currentTree ├── builtin-modules@1.1.1
93 silly currentTree ├── builtin-status-codes@3.0.0
93 silly currentTree ├── builtins@1.0.3
93 silly currentTree ├── bytes@2.5.0
93 silly currentTree ├── cached-path-relative@1.0.1
93 silly currentTree ├── caseless@0.11.0
93 silly currentTree ├── chalk@1.1.3
93 silly currentTree ├── chokidar@1.7.0
93 silly currentTree ├── ci-info@1.1.1
93 silly currentTree ├── cipher-base@1.0.4
93 silly currentTree ├── cli-cursor@1.0.2
93 silly currentTree ├── cli-width@1.1.1
93 silly currentTree ├── code-point-at@1.1.0
93 silly currentTree ├── color-convert@1.9.0
93 silly currentTree ├── color-name@1.1.3
93 silly currentTree ├── combine-source-map@0.7.2
93 silly currentTree ├── combined-stream@1.0.5
93 silly currentTree ├── commander@2.11.0
93 silly currentTree ├── component-emitter@1.2.1
93 silly currentTree ├── compress-commons@1.2.0
93 silly currentTree ├── compressible@2.0.11
93 silly currentTree ├── compression@1.7.0
93 silly currentTree ├── concat-map@0.0.1
93 silly currentTree ├─┬ concat-stream@1.5.2
93 silly currentTree │ ├── isarray@1.0.0
93 silly currentTree │ └── readable-stream@2.0.6
93 silly currentTree ├── configstore@2.1.0
93 silly currentTree ├── console-browserify@1.1.0
93 silly currentTree ├── constants-browserify@1.0.0
93 silly currentTree ├── content-disposition@0.5.2
93 silly currentTree ├── content-type@1.0.2
93 silly currentTree ├── continuable-cache@0.3.1
93 silly currentTree ├── convert-source-map@1.1.3
93 silly currentTree ├── cookie-signature@1.0.6
93 silly currentTree ├── cookie@0.3.1
93 silly currentTree ├── cookiejar@2.1.1
93 silly currentTree ├── cordova-app-hello-world@3.12.0
93 silly currentTree ├─┬ cordova-common@2.0.3
93 silly currentTree │ └── q@1.5.0
93 silly currentTree ├─┬ cordova-create@1.1.1
93 silly currentTree │ └── shelljs@0.3.0
93 silly currentTree ├─┬ cordova-fetch@1.1.0
93 silly currentTree │ ├── glob@7.1.2
93 silly currentTree │ ├── q@1.5.0
93 silly currentTree │ └── shelljs@0.7.8
93 silly currentTree ├── cordova-js@4.2.1
93 silly currentTree ├─┬ cordova-lib@7.0.1
93 silly currentTree │ ├── base64-js@1.1.2
93 silly currentTree │ ├── glob@7.1.1
93 silly currentTree │ ├── nopt@4.0.1
93 silly currentTree │ ├── plist@2.0.1
93 silly currentTree │ ├── semver@5.3.0
93 silly currentTree │ ├── shelljs@0.3.0
93 silly currentTree │ └── xmlbuilder@8.2.2
93 silly currentTree ├── cordova-registry-mapper@1.1.15
93 silly currentTree ├─┬ cordova-serve@1.0.1
93 silly currentTree │ └── q@1.5.0
93 silly currentTree ├── cordova@7.0.1
93 silly currentTree ├── core-util-is@1.0.2
93 silly currentTree ├── crc@3.4.4
93 silly currentTree ├── crc32-stream@2.0.0
93 silly currentTree ├── create-ecdh@4.0.0
93 silly currentTree ├── create-hash@1.1.3
93 silly currentTree ├── create-hmac@1.1.6
93 silly currentTree ├── cross-spawn@5.1.0
93 silly currentTree ├── cryptiles@2.0.5
93 silly currentTree ├── crypto-browserify@3.11.1
93 silly currentTree ├── dargs@5.1.0
93 silly currentTree ├─┬ dashdash@1.14.1
93 silly currentTree │ └── assert-plus@1.0.0
93 silly currentTree ├── date-now@0.1.4
93 silly currentTree ├── debug@2.6.8
93 silly currentTree ├── deep-extend@0.4.2
93 silly currentTree ├── defined@1.0.0
93 silly currentTree ├── delayed-stream@1.0.0
93 silly currentTree ├─┬ dep-graph@1.1.0
93 silly currentTree │ └── underscore@1.2.1
93 silly currentTree ├── depd@1.1.1
93 silly currentTree ├─┬ dependency-ls@1.1.1
93 silly currentTree │ └── q@1.4.1
93 silly currentTree ├── deps-sort@2.0.0
93 silly currentTree ├── des.js@1.0.0
93 silly currentTree ├── destroy@1.0.4
93 silly currentTree ├─┬ detective@4.5.0
93 silly currentTree │ └── acorn@4.0.13
93 silly currentTree ├── diff@3.3.1
93 silly currentTree ├── diffie-hellman@5.0.2
93 silly currentTree ├── domain-browser@1.1.7
93 silly currentTree ├── dot-prop@3.0.0
93 silly currentTree ├── duplexer2@0.1.4
93 silly currentTree ├── duplexify@3.5.1
93 silly currentTree ├── ecc-jsbn@0.1.1
93 silly currentTree ├── editor@1.0.0
93 silly currentTree ├── ee-first@1.1.1
93 silly currentTree ├── elementtree@0.1.6
93 silly currentTree ├── elliptic@6.4.0
93 silly currentTree ├── encodeurl@1.0.1
93 silly currentTree ├── end-of-stream@1.4.0
93 silly currentTree ├── error@7.0.2
93 silly currentTree ├── escape-html@1.0.3
93 silly currentTree ├── escape-string-regexp@1.0.5
93 silly currentTree ├── etag@1.8.0
93 silly currentTree ├── events@1.1.1
93 silly currentTree ├── evp_bytestokey@1.0.3
93 silly currentTree ├── exit-hook@1.1.1
93 silly currentTree ├── expand-brackets@0.1.5
93 silly currentTree ├── expand-range@1.8.2
93 silly currentTree ├── express@4.15.4
93 silly currentTree ├── extend@3.0.1
93 silly currentTree ├── external-editor@2.0.4
93 silly currentTree ├── extglob@0.3.2
93 silly currentTree ├── extsprintf@1.3.0
93 silly currentTree ├── falafel@2.1.0
93 silly currentTree ├── faye-websocket@0.10.0
93 silly currentTree ├── figures@1.7.0
93 silly currentTree ├── filename-regex@2.0.1
93 silly currentTree ├── fill-range@2.2.3
93 silly currentTree ├── finalhandler@1.0.4
93 silly currentTree ├── for-in@1.0.2
93 silly currentTree ├── for-own@0.1.5
93 silly currentTree ├── foreach@2.0.5
93 silly currentTree ├── forever-agent@0.6.1
93 silly currentTree ├── form-data@2.1.4
93 silly currentTree ├── formidable@1.1.1
93 silly currentTree ├── forwarded@0.1.0
93 silly currentTree ├── fresh@0.5.0
93 silly currentTree ├── fs.realpath@1.0.0
93 silly currentTree ├── fstream@1.0.11
93 silly currentTree ├── function-bind@1.1.1
93 silly currentTree ├── generate-function@2.0.0
93 silly currentTree ├── generate-object-property@1.2.0
93 silly currentTree ├─┬ getpass@0.1.7
93 silly currentTree │ └── assert-plus@1.0.0
93 silly currentTree ├── glob-base@0.3.0
93 silly currentTree ├── glob-parent@2.0.0
93 silly currentTree ├── glob@5.0.15
93 silly currentTree ├─┬ got@3.3.1
93 silly currentTree │ └── object-assign@3.0.0
93 silly currentTree ├── graceful-fs@4.1.11
93 silly currentTree ├── har-validator@2.0.6
93 silly currentTree ├── has-ansi@2.0.0
93 silly currentTree ├── has-flag@2.0.0
93 silly currentTree ├── has@1.0.1
93 silly currentTree ├── hash-base@2.0.2
93 silly currentTree ├── hash.js@1.1.3
93 silly currentTree ├── hawk@3.1.3
93 silly currentTree ├── hmac-drbg@1.0.1
93 silly currentTree ├── hoek@2.16.3
93 silly currentTree ├── hosted-git-info@2.5.0
93 silly currentTree ├── htmlescape@1.1.1
93 silly currentTree ├── http-errors@1.6.2
93 silly currentTree ├── http-signature@1.1.1
93 silly currentTree ├── https-browserify@0.0.1
93 silly currentTree ├── iconv-lite@0.4.18
93 silly currentTree ├── ieee754@1.1.8
93 silly currentTree ├── imurmurhash@0.1.4
93 silly currentTree ├── indexof@0.0.1
93 silly currentTree ├── infinity-agent@2.0.3
93 silly currentTree ├── inflight@1.0.6
93 silly currentTree ├── inherits@2.0.3
93 silly currentTree ├── ini@1.3.4
93 silly currentTree ├─┬ init-package-json@1.10.1
93 silly currentTree │ └── glob@7.1.2
93 silly currentTree ├── inline-source-map@0.6.2
93 silly currentTree ├── inquirer@0.10.1
93 silly currentTree ├── insert-module-globals@7.0.1
93 silly currentTree ├─┬ insight@0.8.2
93 silly currentTree │ └── configstore@1.4.0
93 silly currentTree ├── interpret@1.0.3
93 silly currentTree ├─┬ ionic@3.9.2
93 silly currentTree │ ├── ansi-styles@3.2.0
93 silly currentTree │ ├── chalk@2.1.0
93 silly currentTree │ ├── os-name@2.0.1
93 silly currentTree │ └── supports-color@4.4.0
93 silly currentTree ├── ipaddr.js@1.4.0
93 silly currentTree ├── is-binary-path@1.0.1
93 silly currentTree ├── is-buffer@1.1.5
93 silly currentTree ├── is-builtin-module@1.0.0
93 silly currentTree ├── is-dotfile@1.0.3
93 silly currentTree ├── is-equal-shallow@0.1.3
93 silly currentTree ├── is-extendable@0.1.1
93 silly currentTree ├── is-extglob@1.0.0
93 silly currentTree ├── is-finite@1.0.2
93 silly currentTree ├── is-fullwidth-code-point@1.0.0
93 silly currentTree ├── is-glob@2.0.1
93 silly currentTree ├── is-my-json-valid@2.16.1
93 silly currentTree ├── is-npm@1.0.0
93 silly currentTree ├── is-number@2.1.0
93 silly currentTree ├── is-obj@1.0.1
93 silly currentTree ├── is-posix-bracket@0.1.1
93 silly currentTree ├── is-primitive@2.0.0
93 silly currentTree ├── is-promise@2.1.0
93 silly currentTree ├── is-property@1.0.2
93 silly currentTree ├── is-redirect@1.0.0
93 silly currentTree ├── is-stream@1.1.0
93 silly currentTree ├── is-typedarray@1.0.0
93 silly currentTree ├── is-url@1.2.2
93 silly currentTree ├── is-wsl@1.1.0
93 silly currentTree ├── isarray@0.0.1
93 silly currentTree ├── isexe@2.0.0
93 silly currentTree ├─┬ isobject@2.1.0
93 silly currentTree │ └── isarray@1.0.0
93 silly currentTree ├── isstream@0.1.2
93 silly currentTree ├── jsbn@0.1.1
93 silly currentTree ├── jschardet@1.5.1
93 silly currentTree ├── json-parse-better-errors@1.0.1
93 silly currentTree ├── json-schema@0.2.3
93 silly currentTree ├── json-stable-stringify@0.0.1
93 silly currentTree ├── json-stringify-safe@5.0.1
93 silly currentTree ├── jsonify@0.0.0
93 silly currentTree ├── jsonparse@1.3.1
93 silly currentTree ├── jsonpointer@4.0.1
93 silly currentTree ├── JSONStream@1.3.1
93 silly currentTree ├─┬ jsprim@1.4.1
93 silly currentTree │ └── assert-plus@1.0.0
93 silly currentTree ├── kind-of@3.2.2
93 silly currentTree ├── labeled-stream-splicer@2.0.0
93 silly currentTree ├── latest-version@1.0.1
93 silly currentTree ├── lazystream@1.0.0
93 silly currentTree ├── leek@0.0.24
93 silly currentTree ├── lexical-scope@1.2.0
93 silly currentTree ├── livereload-js@2.2.2
93 silly currentTree ├── lodash._baseassign@3.2.0
93 silly currentTree ├── lodash._basecopy@3.0.1
93 silly currentTree ├── lodash._bindcallback@3.0.1
93 silly currentTree ├── lodash._createassigner@3.1.1
93 silly currentTree ├── lodash._getnative@3.9.1
93 silly currentTree ├── lodash._isiterateecall@3.0.9
93 silly currentTree ├── lodash.assign@3.2.0
93 silly currentTree ├── lodash.debounce@3.1.1
93 silly currentTree ├── lodash.isarguments@3.1.0
93 silly currentTree ├── lodash.isarray@3.0.4
93 silly currentTree ├── lodash.keys@3.1.2
93 silly currentTree ├── lodash.memoize@3.0.4
93 silly currentTree ├── lodash.restparam@3.6.1
93 silly currentTree ├── lodash@3.10.1
93 silly currentTree ├── lowercase-keys@1.0.0
93 silly currentTree ├── lru-cache@4.1.1
93 silly currentTree ├── macos-release@1.1.0
93 silly currentTree ├─┬ md5.js@1.3.4
93 silly currentTree │ └── hash-base@3.0.4
93 silly currentTree ├── media-typer@0.3.0
93 silly currentTree ├── merge-descriptors@1.0.1
93 silly currentTree ├── methods@1.1.2
93 silly currentTree ├── micromatch@2.3.11
93 silly currentTree ├── miller-rabin@4.0.0
93 silly currentTree ├── mime-db@1.30.0
93 silly currentTree ├── mime-types@2.1.17
93 silly currentTree ├── mime@1.3.4
93 silly currentTree ├── mimic-fn@1.1.0
93 silly currentTree ├── minimalistic-assert@1.0.0
93 silly currentTree ├── minimalistic-crypto-utils@1.0.1
93 silly currentTree ├── minimatch@3.0.4
93 silly currentTree ├── minimist@0.0.8
93 silly currentTree ├── mkdirp@0.5.1
93 silly currentTree ├── module-deps@4.1.1
93 silly currentTree ├── ms@2.0.0
93 silly currentTree ├── mute-stream@0.0.7
93 silly currentTree ├── ncp@2.0.0
93 silly currentTree ├── negotiator@0.6.1
93 silly currentTree ├── nested-error-stacks@1.0.2
93 silly currentTree ├── node-uuid@1.4.8
93 silly currentTree ├── nopt@3.0.1
93 silly currentTree ├── normalize-package-data@2.4.0
93 silly currentTree ├── normalize-path@2.1.1
93 silly currentTree ├── npm-package-arg@5.1.2
93 silly currentTree ├─┬ npm@2.15.12
93 silly currentTree │ ├── abbrev@1.0.9
93 silly currentTree │ ├── ansi-regex@2.0.0
93 silly currentTree │ ├── ansi@0.3.1
93 silly currentTree │ ├── ansicolors@0.3.2
93 silly currentTree │ ├── ansistyles@0.1.3
93 silly currentTree │ ├── archy@1.0.0
93 silly currentTree │ ├── async-some@1.0.2
93 silly currentTree │ ├── block-stream@0.0.9
93 silly currentTree │ ├── char-spinner@1.0.1
93 silly currentTree │ ├── chmodr@1.0.2
93 silly currentTree │ ├── chownr@1.0.1
93 silly currentTree │ ├── cmd-shim@2.0.2
93 silly currentTree │ ├─┬ columnify@1.5.4
93 silly currentTree │ │ └─┬ wcwidth@1.0.0
93 silly currentTree │ │   └─┬ defaults@1.0.3
93 silly currentTree │ │     └── clone@1.0.2
93 silly currentTree │ ├─┬ config-chain@1.1.10
93 silly currentTree │ │ └── proto-list@1.2.4
93 silly currentTree │ ├─┬ dezalgo@1.0.3
93 silly currentTree │ │ └── asap@2.0.3
93 silly currentTree │ ├── editor@1.0.0
93 silly currentTree │ ├── fs-vacuum@1.2.9
93 silly currentTree │ ├─┬ fs-write-stream-atomic@1.0.8
93 silly currentTree │ │ └── iferr@0.1.5
93 silly currentTree │ ├─┬ fstream-npm@1.1.1
93 silly currentTree │ │ └── fstream-ignore@1.0.5
93 silly currentTree │ ├── fstream@1.0.10
93 silly currentTree │ ├── github-url-from-git@1.4.0
93 silly currentTree │ ├── github-url-from-username-repo@1.0.2
93 silly currentTree │ ├─┬ glob@7.0.6
93 silly currentTree │ │ ├── fs.realpath@1.0.0
93 silly currentTree │ │ └── path-is-absolute@1.0.0
93 silly currentTree │ ├── graceful-fs@4.1.6
93 silly currentTree │ ├── hosted-git-info@2.1.5
93 silly currentTree │ ├── imurmurhash@0.1.4
93 silly currentTree │ ├── inflight@1.0.5
93 silly currentTree │ ├── inherits@2.0.3
93 silly currentTree │ ├── ini@1.3.4
93 silly currentTree │ ├─┬ init-package-json@1.9.4
93 silly currentTree │ │ ├─┬ glob@6.0.4
93 silly currentTree │ │ │ └── path-is-absolute@1.0.0
93 silly currentTree │ │ └── promzard@0.3.0
93 silly currentTree │ ├── lockfile@1.0.1
93 silly currentTree │ ├─┬ lru-cache@4.0.1
93 silly currentTree │ │ ├── pseudomap@1.0.2
93 silly currentTree │ │ └── yallist@2.0.0
93 silly currentTree │ ├─┬ minimatch@3.0.3
93 silly currentTree │ │ └─┬ brace-expansion@1.1.6
93 silly currentTree │ │   ├── balanced-match@0.4.2
93 silly currentTree │ │   └── concat-map@0.0.1
93 silly currentTree │ ├─┬ mkdirp@0.5.1
93 silly currentTree │ │ └── minimist@0.0.8
93 silly currentTree │ ├─┬ node-gyp@3.6.0
93 silly currentTree │ │ └── semver@5.3.0
93 silly currentTree │ ├── nopt@3.0.6
93 silly currentTree │ ├── normalize-git-url@3.0.2
93 silly currentTree │ ├─┬ normalize-package-data@2.3.5
93 silly currentTree │ │ └─┬ is-builtin-module@1.0.0
93 silly currentTree │ │   └── builtin-modules@1.1.0
93 silly currentTree │ ├── npm-cache-filename@1.0.2
93 silly currentTree │ ├── npm-install-checks@1.0.7
93 silly currentTree │ ├── npm-package-arg@4.1.0
93 silly currentTree │ ├─┬ npm-registry-client@7.2.1
93 silly currentTree │ │ ├─┬ concat-stream@1.5.2
93 silly currentTree │ │ │ ├─┬ readable-stream@2.0.6
93 silly currentTree │ │ │ │ ├── core-util-is@1.0.2
93 silly currentTree │ │ │ │ ├── isarray@1.0.0
93 silly currentTree │ │ │ │ ├── process-nextick-args@1.0.7
93 silly currentTree │ │ │ │ ├── string_decoder@0.10.31
93 silly currentTree │ │ │ │ └── util-deprecate@1.0.2
93 silly currentTree │ │ │ └── typedarray@0.0.6
93 silly currentTree │ │ └── retry@0.10.0
93 silly currentTree │ ├── npm-user-validate@0.1.5
93 silly currentTree │ ├─┬ npmlog@2.0.4
93 silly currentTree │ │ ├─┬ are-we-there-yet@1.1.2
93 silly currentTree │ │ │ └── delegates@1.0.0
93 silly currentTree │ │ └─┬ gauge@1.2.7
93 silly currentTree │ │   ├── has-unicode@2.0.0
93 silly currentTree │ │   ├── lodash._baseslice@4.0.0
93 silly currentTree │ │   ├── lodash._basetostring@4.12.0
93 silly currentTree │ │   ├── lodash.pad@4.4.0
93 silly currentTree │ │   ├── lodash.padend@4.5.0
93 silly currentTree │ │   ├── lodash.padstart@4.5.0
93 silly currentTree │ │   └── lodash.tostring@4.1.4
93 silly currentTree │ ├── once@1.4.0
93 silly currentTree │ ├── opener@1.4.1
93 silly currentTree │ ├─┬ osenv@0.1.3
93 silly currentTree │ │ ├── os-homedir@1.0.0
93 silly currentTree │ │ └── os-tmpdir@1.0.1
93 silly currentTree │ ├── path-is-inside@1.0.1
93 silly currentTree │ ├─┬ read-installed@4.0.3
93 silly currentTree │ │ ├── debuglog@1.0.1
93 silly currentTree │ │ ├── readdir-scoped-modules@1.0.2
93 silly currentTree │ │ └── util-extend@1.0.1
93 silly currentTree │ ├─┬ read-package-json@2.0.4
93 silly currentTree │ │ ├─┬ glob@6.0.4
93 silly currentTree │ │ │ └── path-is-absolute@1.0.0
93 silly currentTree │ │ └─┬ json-parse-helpfulerror@1.0.3
93 silly currentTree │ │   └── jju@1.3.0
93 silly currentTree │ ├─┬ read@1.0.7
93 silly currentTree │ │ └── mute-stream@0.0.5
93 silly currentTree │ ├─┬ readable-stream@2.1.5
93 silly currentTree │ │ ├── buffer-shims@1.0.0
93 silly currentTree │ │ ├── core-util-is@1.0.2
93 silly currentTree │ │ ├── isarray@1.0.0
93 silly currentTree │ │ ├── process-nextick-args@1.0.7
93 silly currentTree │ │ ├── string_decoder@0.10.31
93 silly currentTree │ │ └── util-deprecate@1.0.2
93 silly currentTree │ ├── realize-package-specifier@3.0.1
93 silly currentTree │ ├─┬ request@2.74.0
93 silly currentTree │ │ ├── aws-sign2@0.6.0
93 silly currentTree │ │ ├── aws4@1.4.1
93 silly currentTree │ │ ├─┬ bl@1.1.2
93 silly currentTree │ │ │ └─┬ readable-stream@2.0.6
93 silly currentTree │ │ │   ├── core-util-is@1.0.2
93 silly currentTree │ │ │   ├── isarray@1.0.0
93 silly currentTree │ │ │   ├── process-nextick-args@1.0.7
93 silly currentTree │ │ │   ├── string_decoder@0.10.31
93 silly currentTree │ │ │   └── util-deprecate@1.0.2
93 silly currentTree │ │ ├── caseless@0.11.0
93 silly currentTree │ │ ├─┬ combined-stream@1.0.5
93 silly currentTree │ │ │ └── delayed-stream@1.0.0
93 silly currentTree │ │ ├── extend@3.0.0
93 silly currentTree │ │ ├── forever-agent@0.6.1
93 silly currentTree │ │ ├─┬ form-data@1.0.0-rc4
93 silly currentTree │ │ │ └── async@1.5.2
93 silly currentTree │ │ ├─┬ har-validator@2.0.6
93 silly currentTree │ │ │ ├─┬ chalk@1.1.3
93 silly currentTree │ │ │ │ ├── ansi-styles@2.2.1
93 silly currentTree │ │ │ │ ├── escape-string-regexp@1.0.5
93 silly currentTree │ │ │ │ ├── has-ansi@2.0.0
93 silly currentTree │ │ │ │ └── supports-color@2.0.0
93 silly currentTree │ │ │ ├─┬ commander@2.9.0
93 silly currentTree │ │ │ │ └── graceful-readlink@1.0.1
93 silly currentTree │ │ │ ├─┬ is-my-json-valid@2.13.1
93 silly currentTree │ │ │ │ ├── generate-function@2.0.0
93 silly currentTree │ │ │ │ ├─┬ generate-object-property@1.2.0
93 silly currentTree │ │ │ │ │ └── is-property@1.0.2
93 silly currentTree │ │ │ │ ├── jsonpointer@2.0.0
93 silly currentTree │ │ │ │ └── xtend@4.0.1
93 silly currentTree │ │ │ └─┬ pinkie-promise@2.0.1
93 silly currentTree │ │ │   └── pinkie@2.0.4
93 silly currentTree │ │ ├─┬ hawk@3.1.3
93 silly currentTree │ │ │ ├── boom@2.10.1
93 silly currentTree │ │ │ ├── cryptiles@2.0.5
93 silly currentTree │ │ │ ├── hoek@2.16.3
93 silly currentTree │ │ │ └── sntp@1.0.9
93 silly currentTree │ │ ├─┬ http-signature@1.1.1
93 silly currentTree │ │ │ ├── assert-plus@0.2.0
93 silly currentTree │ │ │ ├─┬ jsprim@1.3.0
93 silly currentTree │ │ │ │ ├── extsprintf@1.0.2
93 silly currentTree │ │ │ │ ├── json-schema@0.2.2
93 silly currentTree │ │ │ │ └── verror@1.3.6
93 silly currentTree │ │ │ └─┬ sshpk@1.9.2
93 silly currentTree │ │ │   ├── asn1@0.2.3
93 silly currentTree │ │ │   ├── assert-plus@1.0.0
93 silly currentTree │ │ │   ├── dashdash@1.14.0
93 silly currentTree │ │ │   ├── ecc-jsbn@0.1.1
93 silly currentTree │ │ │   ├── getpass@0.1.6
93 silly currentTree │ │ │   ├── jodid25519@1.0.2
93 silly currentTree │ │ │   ├── jsbn@0.1.0
93 silly currentTree │ │ │   └── tweetnacl@0.13.3
93 silly currentTree │ │ ├── is-typedarray@1.0.0
93 silly currentTree │ │ ├── isstream@0.1.2
93 silly currentTree │ │ ├── json-stringify-safe@5.0.1
93 silly currentTree │ │ ├─┬ mime-types@2.1.11
93 silly currentTree │ │ │ └── mime-db@1.23.0
93 silly currentTree │ │ ├── node-uuid@1.4.7
93 silly currentTree │ │ ├── oauth-sign@0.8.2
93 silly currentTree │ │ ├── qs@6.2.1
93 silly currentTree │ │ ├── stringstream@0.0.5
93 silly currentTree │ │ ├── tough-cookie@2.3.1
93 silly currentTree │ │ └── tunnel-agent@0.4.3
93 silly currentTree │ ├── retry@0.10.0
93 silly currentTree │ ├── rimraf@2.5.4
93 silly currentTree │ ├── semver@5.1.0
93 silly currentTree │ ├─┬ sha@2.0.1
93 silly currentTree │ │ └─┬ readable-stream@2.0.2
93 silly currentTree │ │   ├── core-util-is@1.0.1
93 silly currentTree │ │   ├── isarray@0.0.1
93 silly currentTree │ │   ├── process-nextick-args@1.0.3
93 silly currentTree │ │   ├── string_decoder@0.10.31
93 silly currentTree │ │   └── util-deprecate@1.0.1
93 silly currentTree │ ├── slide@1.1.6
93 silly currentTree │ ├── sorted-object@2.0.0
93 silly currentTree │ ├── spdx-license-ids@1.2.2
93 silly currentTree │ ├── strip-ansi@3.0.1
93 silly currentTree │ ├── tar@2.2.1
93 silly currentTree │ ├── text-table@0.2.0
93 silly currentTree │ ├── uid-number@0.0.6
93 silly currentTree │ ├── umask@1.1.0
93 silly currentTree │ ├─┬ validate-npm-package-license@3.0.1
93 silly currentTree │ │ ├── spdx-correct@1.0.2
93 silly currentTree │ │ └─┬ spdx-expression-parse@1.0.2
93 silly currentTree │ │   └── spdx-exceptions@1.0.4
93 silly currentTree │ ├─┬ validate-npm-package-name@2.2.2
93 silly currentTree │ │ └── builtins@0.0.7
93 silly currentTree │ ├─┬ which@1.2.11
93 silly currentTree │ │ └── isexe@1.1.2
93 silly currentTree │ ├── wrappy@1.0.2
93 silly currentTree │ └── write-file-atomic@1.1.4
93 silly currentTree ├── number-is-nan@1.0.1
93 silly currentTree ├── oauth-sign@0.8.2
93 silly currentTree ├── object-assign@4.1.1
93 silly currentTree ├── object-keys@1.0.11
93 silly currentTree ├── object.omit@2.0.1
93 silly currentTree ├── on-finished@2.3.0
93 silly currentTree ├── on-headers@1.0.1
93 silly currentTree ├── once@1.4.0
93 silly currentTree ├── onetime@1.1.0
93 silly currentTree ├── opener@1.4.2
93 silly currentTree ├── opn@5.1.0
93 silly currentTree ├── os-browserify@0.1.2
93 silly currentTree ├── os-homedir@1.0.2
93 silly currentTree ├── os-name@1.0.3
93 silly currentTree ├── os-tmpdir@1.0.2
93 silly currentTree ├── osenv@0.1.4
93 silly currentTree ├─┬ osx-release@1.1.0
93 silly currentTree │ └── minimist@1.2.0
93 silly currentTree ├── package-json@1.2.0
93 silly currentTree ├── pako@0.2.9
93 silly currentTree ├── parents@1.0.1
93 silly currentTree ├── parse-asn1@5.1.0
93 silly currentTree ├── parse-glob@3.0.4
93 silly currentTree ├── parseurl@1.3.1
93 silly currentTree ├── path-browserify@0.0.0
93 silly currentTree ├── path-is-absolute@1.0.1
93 silly currentTree ├── path-parse@1.0.5
93 silly currentTree ├── path-platform@0.11.15
93 silly currentTree ├── path-to-regexp@0.1.7
93 silly currentTree ├── pbkdf2@3.0.13
93 silly currentTree ├── pegjs@0.10.0
93 silly currentTree ├── pinkie-promise@2.0.1
93 silly currentTree ├── pinkie@2.0.4
93 silly currentTree ├── plist@1.2.0
93 silly currentTree ├── prepend-http@1.0.4
93 silly currentTree ├── preserve@0.2.0
93 silly currentTree ├── process-nextick-args@1.0.7
93 silly currentTree ├── process@0.11.10
93 silly currentTree ├── promzard@0.3.0
93 silly currentTree ├── properties-parser@0.3.1
93 silly currentTree ├── proxy-addr@1.1.5
93 silly currentTree ├── proxy-middleware@0.15.0
93 silly currentTree ├── pseudomap@1.0.2
93 silly currentTree ├── public-encrypt@4.0.0
93 silly currentTree ├── punycode@1.4.1
93 silly currentTree ├── q@1.0.1
93 silly currentTree ├── qs@6.5.0
93 silly currentTree ├── querystring-es3@0.2.1
93 silly currentTree ├── querystring@0.2.0
93 silly currentTree ├─┬ randomatic@1.1.7
93 silly currentTree │ ├─┬ is-number@3.0.0
93 silly currentTree │ │ └── kind-of@3.2.2
93 silly currentTree │ └── kind-of@4.0.0
93 silly currentTree ├── randombytes@2.0.5
93 silly currentTree ├── range-parser@1.2.0
93 silly currentTree ├─┬ raw-body@1.1.7
93 silly currentTree │ └── bytes@1.0.0
93 silly currentTree ├─┬ rc@1.2.1
93 silly currentTree │ └── minimist@1.2.0
93 silly currentTree ├── read-all-stream@3.1.0
93 silly currentTree ├── read-only-stream@2.0.0
93 silly currentTree ├─┬ read-package-json@2.0.12
93 silly currentTree │ └── glob@7.1.2
93 silly currentTree ├── read@1.0.7
93 silly currentTree ├─┬ readable-stream@2.3.3
93 silly currentTree │ ├── isarray@1.0.0
93 silly currentTree │ └── string_decoder@1.0.3
93 silly currentTree ├── readdirp@2.1.0
93 silly currentTree ├─┬ readline2@1.0.1
93 silly currentTree │ └── mute-stream@0.0.5
93 silly currentTree ├── rechoir@0.6.2
93 silly currentTree ├── regex-cache@0.4.4
93 silly currentTree ├── registry-url@3.1.0
93 silly currentTree ├── remove-trailing-separator@1.1.0
93 silly currentTree ├── repeat-element@1.1.2
93 silly currentTree ├── repeat-string@1.6.1
93 silly currentTree ├── repeating@1.1.3
93 silly currentTree ├─┬ request@2.79.0
93 silly currentTree │ ├── qs@6.3.2
93 silly currentTree │ └── uuid@3.1.0
93 silly currentTree ├── resolve@1.4.0
93 silly currentTree ├── restore-cursor@1.0.1
93 silly currentTree ├─┬ rimraf@2.6.1
93 silly currentTree │ └── glob@7.1.2
93 silly currentTree ├── ripemd160@2.0.1
93 silly currentTree ├── rsvp@3.6.2
93 silly currentTree ├── run-async@0.1.0
93 silly currentTree ├── rx-lite-aggregates@4.0.8
93 silly currentTree ├── rx-lite@3.1.2
93 silly currentTree ├── safe-buffer@5.1.1
93 silly currentTree ├── safe-json-parse@1.0.1
93 silly currentTree ├── sax@0.3.5
93 silly currentTree ├── semver-diff@2.1.0
93 silly currentTree ├── semver@5.4.1
93 silly currentTree ├── send@0.15.4
93 silly currentTree ├── serve-static@1.12.4
93 silly currentTree ├── set-immediate-shim@1.0.1
93 silly currentTree ├── setprototypeof@1.0.3
93 silly currentTree ├── sha.js@2.4.8
93 silly currentTree ├── shasum@1.0.2
93 silly currentTree ├── shebang-command@1.2.0
93 silly currentTree ├── shebang-regex@1.0.0
93 silly currentTree ├── shell-quote@1.6.1
93 silly currentTree ├── shelljs@0.5.3
93 silly currentTree ├── signal-exit@3.0.2
93 silly currentTree ├─┬ simple-plist@0.2.1
93 silly currentTree │ ├── base64-js@1.1.2
93 silly currentTree │ ├── plist@2.0.1
93 silly currentTree │ └── xmlbuilder@8.2.2
93 silly currentTree ├── slash@1.0.0
93 silly currentTree ├─┬ slice-ansi@1.0.0
93 silly currentTree │ └── is-fullwidth-code-point@2.0.0
93 silly currentTree ├── slide@1.1.6
93 silly currentTree ├── sntp@1.0.9
93 silly currentTree ├── source-map@0.5.7
93 silly currentTree ├── spdx-correct@1.0.2
93 silly currentTree ├── spdx-expression-parse@1.0.4
93 silly currentTree ├── spdx-license-ids@1.2.2
93 silly currentTree ├── ssh-config@1.0.1
93 silly currentTree ├─┬ sshpk@1.13.1
93 silly currentTree │ └── assert-plus@1.0.0
93 silly currentTree ├── statuses@1.3.1
93 silly currentTree ├── stream-browserify@2.0.1
93 silly currentTree ├── stream-buffers@2.2.0
93 silly currentTree ├── stream-combiner2@1.1.1
93 silly currentTree ├── stream-http@2.7.2
93 silly currentTree ├── stream-shift@1.0.0
93 silly currentTree ├── stream-splicer@2.0.0
93 silly currentTree ├── string_decoder@0.10.31
93 silly currentTree ├── string-length@1.0.1
93 silly currentTree ├── string-template@0.2.1
93 silly currentTree ├─┬ string-width@2.1.1
93 silly currentTree │ ├── ansi-regex@3.0.0
93 silly currentTree │ ├── is-fullwidth-code-point@2.0.0
93 silly currentTree │ └── strip-ansi@4.0.0
93 silly currentTree ├── string.prototype.codepointat@0.2.0
93 silly currentTree ├── stringstream@0.0.5
93 silly currentTree ├── strip-ansi@3.0.1
93 silly currentTree ├── strip-json-comments@2.0.1
93 silly currentTree ├─┬ subarg@1.0.0
93 silly currentTree │ └── minimist@1.2.0
93 silly currentTree ├─┬ superagent@3.6.0
93 silly currentTree │ └── mime@1.4.0
93 silly currentTree ├── supports-color@2.0.0
93 silly currentTree ├─┬ syntax-error@1.3.0
93 silly currentTree │ └── acorn@4.0.13
93 silly currentTree ├── tar-stream@1.5.4
93 silly currentTree ├── tar@2.2.1
93 silly currentTree ├── through@2.3.8
93 silly currentTree ├── through2@2.0.3
93 silly currentTree ├── timed-out@2.0.0
93 silly currentTree ├── timers-browserify@1.4.2
93 silly currentTree ├── tiny-lr@1.0.5
93 silly currentTree ├── tmp@0.0.31
93 silly currentTree ├── to-arraybuffer@1.0.1
93 silly currentTree ├── tough-cookie@2.3.2
93 silly currentTree ├── tslib@1.7.1
93 silly currentTree ├── tty-browserify@0.0.0
93 silly currentTree ├── tunnel-agent@0.4.3
93 silly currentTree ├── tweetnacl@0.14.5
93 silly currentTree ├── type-is@1.6.15
93 silly currentTree ├── typedarray@0.0.6
93 silly currentTree ├── umd@3.0.1
93 silly currentTree ├── underscore@1.8.3
93 silly currentTree ├── unorm@1.4.1
93 silly currentTree ├── unpipe@1.0.0
93 silly currentTree ├─┬ update-notifier@0.5.0
93 silly currentTree │ └── configstore@1.4.0
93 silly currentTree ├─┬ url@0.11.0
93 silly currentTree │ └── punycode@1.3.2
93 silly currentTree ├── util-deprecate@1.0.2
93 silly currentTree ├─┬ util@0.10.3
93 silly currentTree │ └── inherits@2.0.1
93 silly currentTree ├── utils-merge@1.0.0
93 silly currentTree ├── uuid@2.0.3
93 silly currentTree ├── valid-identifier@0.0.1
93 silly currentTree ├── validate-npm-package-license@3.0.1
93 silly currentTree ├── validate-npm-package-name@3.0.0
93 silly currentTree ├── vary@1.1.1
93 silly currentTree ├─┬ verror@1.10.0
93 silly currentTree │ └── assert-plus@1.0.0
93 silly currentTree ├── vm-browserify@0.0.4
93 silly currentTree ├── walkdir@0.0.11
93 silly currentTree ├── websocket-driver@0.6.5
93 silly currentTree ├── websocket-extensions@0.1.1
93 silly currentTree ├── which@1.3.0
93 silly currentTree ├── win-release@1.1.1
93 silly currentTree ├─┬ wrap-ansi@3.0.1
93 silly currentTree │ ├── ansi-regex@3.0.0
93 silly currentTree │ └── strip-ansi@4.0.0
93 silly currentTree ├── wrappy@1.0.2
93 silly currentTree ├── write-file-atomic@1.3.4
93 silly currentTree ├─┬ xcode@0.9.3
93 silly currentTree │ └── uuid@3.0.1
93 silly currentTree ├── xdg-basedir@2.0.0
93 silly currentTree ├── xmlbuilder@4.0.0
93 silly currentTree ├── xmldom@0.1.27
93 silly currentTree ├── xtend@4.0.1
93 silly currentTree ├── yallist@2.1.2
93 silly currentTree └─┬ zip-stream@1.2.0
93 silly currentTree   └── lodash@4.17.4
94 silly idealTree ange-marie
94 silly idealTree ├─┬ @ionic/cli-utils@1.9.2
94 silly idealTree │ ├── ansi-escapes@2.0.0
94 silly idealTree │ ├── ansi-regex@3.0.0
94 silly idealTree │ ├── ansi-styles@3.2.0
94 silly idealTree │ ├── chalk@2.1.0
94 silly idealTree │ ├── cli-cursor@2.1.0
94 silly idealTree │ ├── cli-width@2.2.0
94 silly idealTree │ ├── elementtree@0.1.7
94 silly idealTree │ ├── figures@2.0.0
94 silly idealTree │ ├── inquirer@3.2.3
94 silly idealTree │ ├── lodash@4.17.4
94 silly idealTree │ ├── minimist@1.2.0
94 silly idealTree │ ├── onetime@2.0.1
94 silly idealTree │ ├── restore-cursor@2.0.0
94 silly idealTree │ ├── run-async@2.3.0
94 silly idealTree │ ├── rx-lite@4.0.8
94 silly idealTree │ ├── sax@1.1.4
94 silly idealTree │ ├── strip-ansi@4.0.0
94 silly idealTree │ ├── supports-color@4.4.0
94 silly idealTree │ └── uuid@3.1.0
94 silly idealTree ├── @types/gulp@3.8.33
94 silly idealTree ├── @types/node@8.0.26
94 silly idealTree ├── @types/orchestrator@0.3.0
94 silly idealTree ├── @types/q@0.0.37
94 silly idealTree ├── @types/vinyl@2.0.1
94 silly idealTree ├── abbrev@1.1.0
94 silly idealTree ├── accepts@1.3.4
94 silly idealTree ├── acorn@5.1.2
94 silly idealTree ├── aliasify@2.1.0
94 silly idealTree ├── ansi-escapes@1.4.0
94 silly idealTree ├── ansi-regex@2.1.1
94 silly idealTree ├── ansi-styles@2.2.1
94 silly idealTree ├── ansi@0.3.1
94 silly idealTree ├── anymatch@1.3.2
94 silly idealTree ├─┬ archiver-utils@1.3.0
94 silly idealTree │ ├── glob@7.1.2
94 silly idealTree │ └── lodash@4.17.4
94 silly idealTree ├─┬ archiver@2.0.3
94 silly idealTree │ ├── async@2.5.0
94 silly idealTree │ ├── glob@7.1.2
94 silly idealTree │ └── lodash@4.17.4
94 silly idealTree ├── arr-diff@2.0.0
94 silly idealTree ├── arr-flatten@1.1.0
94 silly idealTree ├── array-filter@0.0.1
94 silly idealTree ├── array-flatten@1.1.1
94 silly idealTree ├── array-map@0.0.0
94 silly idealTree ├── array-reduce@0.0.0
94 silly idealTree ├── array-unique@0.2.1
94 silly idealTree ├── asn1.js@4.9.1
94 silly idealTree ├── asn1@0.2.3
94 silly idealTree ├── assert-plus@0.2.0
94 silly idealTree ├── assert@1.4.1
94 silly idealTree ├─┬ astw@2.2.0
94 silly idealTree │ └── acorn@4.0.13
94 silly idealTree ├── async-each@1.0.1
94 silly idealTree ├── async@1.5.2
94 silly idealTree ├── asynckit@0.4.0
94 silly idealTree ├── aws-sign2@0.6.0
94 silly idealTree ├── aws4@1.6.0
94 silly idealTree ├── balanced-match@1.0.0
94 silly idealTree ├── base64-js@0.0.8
94 silly idealTree ├── bcrypt-pbkdf@1.0.1
94 silly idealTree ├── big-integer@1.6.24
94 silly idealTree ├── binary-extensions@1.10.0
94 silly idealTree ├── bl@1.2.1
94 silly idealTree ├── block-stream@0.0.9
94 silly idealTree ├── bn.js@4.11.8
94 silly idealTree ├── body@5.1.0
94 silly idealTree ├── boom@2.10.1
94 silly idealTree ├── bplist-creator@0.0.7
94 silly idealTree ├── bplist-parser@0.1.1
94 silly idealTree ├── brace-expansion@1.1.8
94 silly idealTree ├── braces@1.8.5
94 silly idealTree ├── brorand@1.1.0
94 silly idealTree ├── browser-pack@6.0.2
94 silly idealTree ├─┬ browser-resolve@1.11.2
94 silly idealTree │ └── resolve@1.1.7
94 silly idealTree ├── browserify-aes@1.0.8
94 silly idealTree ├── browserify-cipher@1.0.0
94 silly idealTree ├── browserify-des@1.0.0
94 silly idealTree ├── browserify-rsa@4.0.1
94 silly idealTree ├── browserify-sign@4.0.4
94 silly idealTree ├── browserify-transform-tools@1.7.0
94 silly idealTree ├── browserify-zlib@0.1.4
94 silly idealTree ├─┬ browserify@13.3.0
94 silly idealTree │ └── glob@7.1.2
94 silly idealTree ├── buffer-crc32@0.2.13
94 silly idealTree ├── buffer-xor@1.0.3
94 silly idealTree ├─┬ buffer@4.9.1
94 silly idealTree │ ├── base64-js@1.2.1
94 silly idealTree │ └── isarray@1.0.0
94 silly idealTree ├── builtin-modules@1.1.1
94 silly idealTree ├── builtin-status-codes@3.0.0
94 silly idealTree ├── builtins@1.0.3
94 silly idealTree ├── bytes@2.5.0
94 silly idealTree ├── cached-path-relative@1.0.1
94 silly idealTree ├── caseless@0.11.0
94 silly idealTree ├── chalk@1.1.3
94 silly idealTree ├── chokidar@1.7.0
94 silly idealTree ├── ci-info@1.1.1
94 silly idealTree ├── cipher-base@1.0.4
94 silly idealTree ├── cli-cursor@1.0.2
94 silly idealTree ├── cli-width@1.1.1
94 silly idealTree ├── code-point-at@1.1.0
94 silly idealTree ├── color-convert@1.9.0
94 silly idealTree ├── color-name@1.1.3
94 silly idealTree ├── combine-source-map@0.7.2
94 silly idealTree ├── combined-stream@1.0.5
94 silly idealTree ├── commander@2.11.0
94 silly idealTree ├── component-emitter@1.2.1
94 silly idealTree ├── compress-commons@1.2.0
94 silly idealTree ├── compressible@2.0.11
94 silly idealTree ├── compression@1.7.0
94 silly idealTree ├── concat-map@0.0.1
94 silly idealTree ├─┬ concat-stream@1.5.2
94 silly idealTree │ ├── isarray@1.0.0
94 silly idealTree │ └── readable-stream@2.0.6
94 silly idealTree ├── configstore@2.1.0
94 silly idealTree ├── console-browserify@1.1.0
94 silly idealTree ├── constants-browserify@1.0.0
94 silly idealTree ├── content-disposition@0.5.2
94 silly idealTree ├── content-type@1.0.2
94 silly idealTree ├── continuable-cache@0.3.1
94 silly idealTree ├── convert-source-map@1.1.3
94 silly idealTree ├── cookie-signature@1.0.6
94 silly idealTree ├── cookie@0.3.1
94 silly idealTree ├── cookiejar@2.1.1
94 silly idealTree ├── cordova-app-hello-world@3.12.0
94 silly idealTree ├─┬ cordova-common@2.0.3
94 silly idealTree │ └── q@1.5.0
94 silly idealTree ├─┬ cordova-create@1.1.1
94 silly idealTree │ └── shelljs@0.3.0
94 silly idealTree ├─┬ cordova-fetch@1.1.0
94 silly idealTree │ ├── glob@7.1.2
94 silly idealTree │ ├── q@1.5.0
94 silly idealTree │ └── shelljs@0.7.8
94 silly idealTree ├── cordova-js@4.2.1
94 silly idealTree ├─┬ cordova-lib@7.0.1
94 silly idealTree │ ├── base64-js@1.1.2
94 silly idealTree │ ├── glob@7.1.1
94 silly idealTree │ ├── nopt@4.0.1
94 silly idealTree │ ├── plist@2.0.1
94 silly idealTree │ ├── semver@5.3.0
94 silly idealTree │ ├── shelljs@0.3.0
94 silly idealTree │ └── xmlbuilder@8.2.2
94 silly idealTree ├── cordova-registry-mapper@1.1.15
94 silly idealTree ├─┬ cordova-serve@1.0.1
94 silly idealTree │ └── q@1.5.0
94 silly idealTree ├── cordova@7.0.1
94 silly idealTree ├── core-util-is@1.0.2
94 silly idealTree ├── crc@3.4.4
94 silly idealTree ├── crc32-stream@2.0.0
94 silly idealTree ├── create-ecdh@4.0.0
94 silly idealTree ├── create-hash@1.1.3
94 silly idealTree ├── create-hmac@1.1.6
94 silly idealTree ├── cross-spawn@5.1.0
94 silly idealTree ├── cryptiles@2.0.5
94 silly idealTree ├── crypto-browserify@3.11.1
94 silly idealTree ├── dargs@5.1.0
94 silly idealTree ├─┬ dashdash@1.14.1
94 silly idealTree │ └── assert-plus@1.0.0
94 silly idealTree ├── date-now@0.1.4
94 silly idealTree ├── debug@2.6.8
94 silly idealTree ├── deep-extend@0.4.2
94 silly idealTree ├── defined@1.0.0
94 silly idealTree ├── delayed-stream@1.0.0
94 silly idealTree ├─┬ dep-graph@1.1.0
94 silly idealTree │ └── underscore@1.2.1
94 silly idealTree ├── depd@1.1.1
94 silly idealTree ├─┬ dependency-ls@1.1.1
94 silly idealTree │ └── q@1.4.1
94 silly idealTree ├── deps-sort@2.0.0
94 silly idealTree ├── des.js@1.0.0
94 silly idealTree ├── destroy@1.0.4
94 silly idealTree ├─┬ detective@4.5.0
94 silly idealTree │ └── acorn@4.0.13
94 silly idealTree ├── diff@3.3.1
94 silly idealTree ├── diffie-hellman@5.0.2
94 silly idealTree ├── domain-browser@1.1.7
94 silly idealTree ├── dot-prop@3.0.0
94 silly idealTree ├── duplexer2@0.1.4
94 silly idealTree ├── duplexify@3.5.1
94 silly idealTree ├── ecc-jsbn@0.1.1
94 silly idealTree ├── editor@1.0.0
94 silly idealTree ├── ee-first@1.1.1
94 silly idealTree ├── elementtree@0.1.6
94 silly idealTree ├── elliptic@6.4.0
94 silly idealTree ├── encodeurl@1.0.1
94 silly idealTree ├── end-of-stream@1.4.0
94 silly idealTree ├── error@7.0.2
94 silly idealTree ├── escape-html@1.0.3
94 silly idealTree ├── escape-string-regexp@1.0.5
94 silly idealTree ├── etag@1.8.0
94 silly idealTree ├── events@1.1.1
94 silly idealTree ├── evp_bytestokey@1.0.3
94 silly idealTree ├── exit-hook@1.1.1
94 silly idealTree ├── expand-brackets@0.1.5
94 silly idealTree ├── expand-range@1.8.2
94 silly idealTree ├── express@4.15.4
94 silly idealTree ├── extend@3.0.1
94 silly idealTree ├── external-editor@2.0.4
94 silly idealTree ├── extglob@0.3.2
94 silly idealTree ├── extsprintf@1.3.0
94 silly idealTree ├── falafel@2.1.0
94 silly idealTree ├── faye-websocket@0.10.0
94 silly idealTree ├── figures@1.7.0
94 silly idealTree ├── filename-regex@2.0.1
94 silly idealTree ├── fill-range@2.2.3
94 silly idealTree ├── finalhandler@1.0.4
94 silly idealTree ├── for-in@1.0.2
94 silly idealTree ├── for-own@0.1.5
94 silly idealTree ├── foreach@2.0.5
94 silly idealTree ├── forever-agent@0.6.1
94 silly idealTree ├── form-data@2.1.4
94 silly idealTree ├── formidable@1.1.1
94 silly idealTree ├── forwarded@0.1.0
94 silly idealTree ├── fresh@0.5.0
94 silly idealTree ├── fs.realpath@1.0.0
94 silly idealTree ├── fstream@1.0.11
94 silly idealTree ├── function-bind@1.1.1
94 silly idealTree ├── generate-function@2.0.0
94 silly idealTree ├── generate-object-property@1.2.0
94 silly idealTree ├─┬ getpass@0.1.7
94 silly idealTree │ └── assert-plus@1.0.0
94 silly idealTree ├── glob-base@0.3.0
94 silly idealTree ├── glob-parent@2.0.0
94 silly idealTree ├── glob@5.0.15
94 silly idealTree ├─┬ got@3.3.1
94 silly idealTree │ └── object-assign@3.0.0
94 silly idealTree ├── graceful-fs@4.1.11
94 silly idealTree ├── har-validator@2.0.6
94 silly idealTree ├── has-ansi@2.0.0
94 silly idealTree ├── has-flag@2.0.0
94 silly idealTree ├── has@1.0.1
94 silly idealTree ├── hash-base@2.0.2
94 silly idealTree ├── hash.js@1.1.3
94 silly idealTree ├── hawk@3.1.3
94 silly idealTree ├── hmac-drbg@1.0.1
94 silly idealTree ├── hoek@2.16.3
94 silly idealTree ├── hosted-git-info@2.5.0
94 silly idealTree ├── htmlescape@1.1.1
94 silly idealTree ├── http-errors@1.6.2
94 silly idealTree ├── http-signature@1.1.1
94 silly idealTree ├── https-browserify@0.0.1
94 silly idealTree ├── iconv-lite@0.4.18
94 silly idealTree ├── ieee754@1.1.8
94 silly idealTree ├── imurmurhash@0.1.4
94 silly idealTree ├── indexof@0.0.1
94 silly idealTree ├── infinity-agent@2.0.3
94 silly idealTree ├── inflight@1.0.6
94 silly idealTree ├── inherits@2.0.3
94 silly idealTree ├── ini@1.3.4
94 silly idealTree ├─┬ init-package-json@1.10.1
94 silly idealTree │ └── glob@7.1.2
94 silly idealTree ├── inline-source-map@0.6.2
94 silly idealTree ├── inquirer@0.10.1
94 silly idealTree ├── insert-module-globals@7.0.1
94 silly idealTree ├─┬ insight@0.8.2
94 silly idealTree │ └── configstore@1.4.0
94 silly idealTree ├── interpret@1.0.3
94 silly idealTree ├─┬ ionic@3.9.2
94 silly idealTree │ ├── ansi-styles@3.2.0
94 silly idealTree │ ├── chalk@2.1.0
94 silly idealTree │ ├── os-name@2.0.1
94 silly idealTree │ └── supports-color@4.4.0
94 silly idealTree ├── ipaddr.js@1.4.0
94 silly idealTree ├── is-binary-path@1.0.1
94 silly idealTree ├── is-buffer@1.1.5
94 silly idealTree ├── is-builtin-module@1.0.0
94 silly idealTree ├── is-dotfile@1.0.3
94 silly idealTree ├── is-equal-shallow@0.1.3
94 silly idealTree ├── is-extendable@0.1.1
94 silly idealTree ├── is-extglob@1.0.0
94 silly idealTree ├── is-finite@1.0.2
94 silly idealTree ├── is-fullwidth-code-point@1.0.0
94 silly idealTree ├── is-glob@2.0.1
94 silly idealTree ├── is-my-json-valid@2.16.1
94 silly idealTree ├── is-npm@1.0.0
94 silly idealTree ├── is-number@2.1.0
94 silly idealTree ├── is-obj@1.0.1
94 silly idealTree ├── is-posix-bracket@0.1.1
94 silly idealTree ├── is-primitive@2.0.0
94 silly idealTree ├── is-promise@2.1.0
94 silly idealTree ├── is-property@1.0.2
94 silly idealTree ├── is-redirect@1.0.0
94 silly idealTree ├── is-stream@1.1.0
94 silly idealTree ├── is-typedarray@1.0.0
94 silly idealTree ├── is-url@1.2.2
94 silly idealTree ├── is-wsl@1.1.0
94 silly idealTree ├── isarray@0.0.1
94 silly idealTree ├── isexe@2.0.0
94 silly idealTree ├─┬ isobject@2.1.0
94 silly idealTree │ └── isarray@1.0.0
94 silly idealTree ├── isstream@0.1.2
94 silly idealTree ├── jquery@3.2.1
94 silly idealTree ├── jsbn@0.1.1
94 silly idealTree ├── jschardet@1.5.1
94 silly idealTree ├── json-parse-better-errors@1.0.1
94 silly idealTree ├── json-schema@0.2.3
94 silly idealTree ├── json-stable-stringify@0.0.1
94 silly idealTree ├── json-stringify-safe@5.0.1
94 silly idealTree ├── jsonify@0.0.0
94 silly idealTree ├── jsonparse@1.3.1
94 silly idealTree ├── jsonpointer@4.0.1
94 silly idealTree ├── JSONStream@1.3.1
94 silly idealTree ├─┬ jsprim@1.4.1
94 silly idealTree │ └── assert-plus@1.0.0
94 silly idealTree ├── kind-of@3.2.2
94 silly idealTree ├── labeled-stream-splicer@2.0.0
94 silly idealTree ├── latest-version@1.0.1
94 silly idealTree ├── lazystream@1.0.0
94 silly idealTree ├── leek@0.0.24
94 silly idealTree ├── lexical-scope@1.2.0
94 silly idealTree ├── livereload-js@2.2.2
94 silly idealTree ├── lodash._baseassign@3.2.0
94 silly idealTree ├── lodash._basecopy@3.0.1
94 silly idealTree ├── lodash._bindcallback@3.0.1
94 silly idealTree ├── lodash._createassigner@3.1.1
94 silly idealTree ├── lodash._getnative@3.9.1
94 silly idealTree ├── lodash._isiterateecall@3.0.9
94 silly idealTree ├── lodash.assign@3.2.0
94 silly idealTree ├── lodash.debounce@3.1.1
94 silly idealTree ├── lodash.isarguments@3.1.0
94 silly idealTree ├── lodash.isarray@3.0.4
94 silly idealTree ├── lodash.keys@3.1.2
94 silly idealTree ├── lodash.memoize@3.0.4
94 silly idealTree ├── lodash.restparam@3.6.1
94 silly idealTree ├── lodash@3.10.1
94 silly idealTree ├── lowercase-keys@1.0.0
94 silly idealTree ├── lru-cache@4.1.1
94 silly idealTree ├── macos-release@1.1.0
94 silly idealTree ├─┬ md5.js@1.3.4
94 silly idealTree │ └── hash-base@3.0.4
94 silly idealTree ├── media-typer@0.3.0
94 silly idealTree ├── merge-descriptors@1.0.1
94 silly idealTree ├── methods@1.1.2
94 silly idealTree ├── micromatch@2.3.11
94 silly idealTree ├── miller-rabin@4.0.0
94 silly idealTree ├── mime-db@1.30.0
94 silly idealTree ├── mime-types@2.1.17
94 silly idealTree ├── mime@1.3.4
94 silly idealTree ├── mimic-fn@1.1.0
94 silly idealTree ├── minimalistic-assert@1.0.0
94 silly idealTree ├── minimalistic-crypto-utils@1.0.1
94 silly idealTree ├── minimatch@3.0.4
94 silly idealTree ├── minimist@0.0.8
94 silly idealTree ├── mkdirp@0.5.1
94 silly idealTree ├── module-deps@4.1.1
94 silly idealTree ├── ms@2.0.0
94 silly idealTree ├── mute-stream@0.0.7
94 silly idealTree ├── ncp@2.0.0
94 silly idealTree ├── negotiator@0.6.1
94 silly idealTree ├── nested-error-stacks@1.0.2
94 silly idealTree ├── node-uuid@1.4.8
94 silly idealTree ├── nopt@3.0.1
94 silly idealTree ├── normalize-package-data@2.4.0
94 silly idealTree ├── normalize-path@2.1.1
94 silly idealTree ├── npm-package-arg@5.1.2
94 silly idealTree ├─┬ npm@2.15.12
94 silly idealTree │ ├── abbrev@1.0.9
94 silly idealTree │ ├── ansi-regex@2.0.0
94 silly idealTree │ ├── ansi@0.3.1
94 silly idealTree │ ├── ansicolors@0.3.2
94 silly idealTree │ ├── ansistyles@0.1.3
94 silly idealTree │ ├── archy@1.0.0
94 silly idealTree │ ├── async-some@1.0.2
94 silly idealTree │ ├── block-stream@0.0.9
94 silly idealTree │ ├── char-spinner@1.0.1
94 silly idealTree │ ├── chmodr@1.0.2
94 silly idealTree │ ├── chownr@1.0.1
94 silly idealTree │ ├── cmd-shim@2.0.2
94 silly idealTree │ ├─┬ columnify@1.5.4
94 silly idealTree │ │ └─┬ wcwidth@1.0.0
94 silly idealTree │ │   └─┬ defaults@1.0.3
94 silly idealTree │ │     └── clone@1.0.2
94 silly idealTree │ ├─┬ config-chain@1.1.10
94 silly idealTree │ │ └── proto-list@1.2.4
94 silly idealTree │ ├─┬ dezalgo@1.0.3
94 silly idealTree │ │ └── asap@2.0.3
94 silly idealTree │ ├── editor@1.0.0
94 silly idealTree │ ├── fs-vacuum@1.2.9
94 silly idealTree │ ├─┬ fs-write-stream-atomic@1.0.8
94 silly idealTree │ │ └── iferr@0.1.5
94 silly idealTree │ ├─┬ fstream-npm@1.1.1
94 silly idealTree │ │ └── fstream-ignore@1.0.5
94 silly idealTree │ ├── fstream@1.0.10
94 silly idealTree │ ├── github-url-from-git@1.4.0
94 silly idealTree │ ├── github-url-from-username-repo@1.0.2
94 silly idealTree │ ├─┬ glob@7.0.6
94 silly idealTree │ │ ├── fs.realpath@1.0.0
94 silly idealTree │ │ └── path-is-absolute@1.0.0
94 silly idealTree │ ├── graceful-fs@4.1.6
94 silly idealTree │ ├── hosted-git-info@2.1.5
94 silly idealTree │ ├── imurmurhash@0.1.4
94 silly idealTree │ ├── inflight@1.0.5
94 silly idealTree │ ├── inherits@2.0.3
94 silly idealTree │ ├── ini@1.3.4
94 silly idealTree │ ├─┬ init-package-json@1.9.4
94 silly idealTree │ │ ├─┬ glob@6.0.4
94 silly idealTree │ │ │ └── path-is-absolute@1.0.0
94 silly idealTree │ │ └── promzard@0.3.0
94 silly idealTree │ ├── lockfile@1.0.1
94 silly idealTree │ ├─┬ lru-cache@4.0.1
94 silly idealTree │ │ ├── pseudomap@1.0.2
94 silly idealTree │ │ └── yallist@2.0.0
94 silly idealTree │ ├─┬ minimatch@3.0.3
94 silly idealTree │ │ └─┬ brace-expansion@1.1.6
94 silly idealTree │ │   ├── balanced-match@0.4.2
94 silly idealTree │ │   └── concat-map@0.0.1
94 silly idealTree │ ├─┬ mkdirp@0.5.1
94 silly idealTree │ │ └── minimist@0.0.8
94 silly idealTree │ ├─┬ node-gyp@3.6.0
94 silly idealTree │ │ └── semver@5.3.0
94 silly idealTree │ ├── nopt@3.0.6
94 silly idealTree │ ├── normalize-git-url@3.0.2
94 silly idealTree │ ├─┬ normalize-package-data@2.3.5
94 silly idealTree │ │ └─┬ is-builtin-module@1.0.0
94 silly idealTree │ │   └── builtin-modules@1.1.0
94 silly idealTree │ ├── npm-cache-filename@1.0.2
94 silly idealTree │ ├── npm-install-checks@1.0.7
94 silly idealTree │ ├── npm-package-arg@4.1.0
94 silly idealTree │ ├─┬ npm-registry-client@7.2.1
94 silly idealTree │ │ ├─┬ concat-stream@1.5.2
94 silly idealTree │ │ │ ├─┬ readable-stream@2.0.6
94 silly idealTree │ │ │ │ ├── core-util-is@1.0.2
94 silly idealTree │ │ │ │ ├── isarray@1.0.0
94 silly idealTree │ │ │ │ ├── process-nextick-args@1.0.7
94 silly idealTree │ │ │ │ ├── string_decoder@0.10.31
94 silly idealTree │ │ │ │ └── util-deprecate@1.0.2
94 silly idealTree │ │ │ └── typedarray@0.0.6
94 silly idealTree │ │ └── retry@0.10.0
94 silly idealTree │ ├── npm-user-validate@0.1.5
94 silly idealTree │ ├─┬ npmlog@2.0.4
94 silly idealTree │ │ ├─┬ are-we-there-yet@1.1.2
94 silly idealTree │ │ │ └── delegates@1.0.0
94 silly idealTree │ │ └─┬ gauge@1.2.7
94 silly idealTree │ │   ├── has-unicode@2.0.0
94 silly idealTree │ │   ├── lodash._baseslice@4.0.0
94 silly idealTree │ │   ├── lodash._basetostring@4.12.0
94 silly idealTree │ │   ├── lodash.pad@4.4.0
94 silly idealTree │ │   ├── lodash.padend@4.5.0
94 silly idealTree │ │   ├── lodash.padstart@4.5.0
94 silly idealTree │ │   └── lodash.tostring@4.1.4
94 silly idealTree │ ├── once@1.4.0
94 silly idealTree │ ├── opener@1.4.1
94 silly idealTree │ ├─┬ osenv@0.1.3
94 silly idealTree │ │ ├── os-homedir@1.0.0
94 silly idealTree │ │ └── os-tmpdir@1.0.1
94 silly idealTree │ ├── path-is-inside@1.0.1
94 silly idealTree │ ├─┬ read-installed@4.0.3
94 silly idealTree │ │ ├── debuglog@1.0.1
94 silly idealTree │ │ ├── readdir-scoped-modules@1.0.2
94 silly idealTree │ │ └── util-extend@1.0.1
94 silly idealTree │ ├─┬ read-package-json@2.0.4
94 silly idealTree │ │ ├─┬ glob@6.0.4
94 silly idealTree │ │ │ └── path-is-absolute@1.0.0
94 silly idealTree │ │ └─┬ json-parse-helpfulerror@1.0.3
94 silly idealTree │ │   └── jju@1.3.0
94 silly idealTree │ ├─┬ read@1.0.7
94 silly idealTree │ │ └── mute-stream@0.0.5
94 silly idealTree │ ├─┬ readable-stream@2.1.5
94 silly idealTree │ │ ├── buffer-shims@1.0.0
94 silly idealTree │ │ ├── core-util-is@1.0.2
94 silly idealTree │ │ ├── isarray@1.0.0
94 silly idealTree │ │ ├── process-nextick-args@1.0.7
94 silly idealTree │ │ ├── string_decoder@0.10.31
94 silly idealTree │ │ └── util-deprecate@1.0.2
94 silly idealTree │ ├── realize-package-specifier@3.0.1
94 silly idealTree │ ├─┬ request@2.74.0
94 silly idealTree │ │ ├── aws-sign2@0.6.0
94 silly idealTree │ │ ├── aws4@1.4.1
94 silly idealTree │ │ ├─┬ bl@1.1.2
94 silly idealTree │ │ │ └─┬ readable-stream@2.0.6
94 silly idealTree │ │ │   ├── core-util-is@1.0.2
94 silly idealTree │ │ │   ├── isarray@1.0.0
94 silly idealTree │ │ │   ├── process-nextick-args@1.0.7
94 silly idealTree │ │ │   ├── string_decoder@0.10.31
94 silly idealTree │ │ │   └── util-deprecate@1.0.2
94 silly idealTree │ │ ├── caseless@0.11.0
94 silly idealTree │ │ ├─┬ combined-stream@1.0.5
94 silly idealTree │ │ │ └── delayed-stream@1.0.0
94 silly idealTree │ │ ├── extend@3.0.0
94 silly idealTree │ │ ├── forever-agent@0.6.1
94 silly idealTree │ │ ├─┬ form-data@1.0.0-rc4
94 silly idealTree │ │ │ └── async@1.5.2
94 silly idealTree │ │ ├─┬ har-validator@2.0.6
94 silly idealTree │ │ │ ├─┬ chalk@1.1.3
94 silly idealTree │ │ │ │ ├── ansi-styles@2.2.1
94 silly idealTree │ │ │ │ ├── escape-string-regexp@1.0.5
94 silly idealTree │ │ │ │ ├── has-ansi@2.0.0
94 silly idealTree │ │ │ │ └── supports-color@2.0.0
94 silly idealTree │ │ │ ├─┬ commander@2.9.0
94 silly idealTree │ │ │ │ └── graceful-readlink@1.0.1
94 silly idealTree │ │ │ ├─┬ is-my-json-valid@2.13.1
94 silly idealTree │ │ │ │ ├── generate-function@2.0.0
94 silly idealTree │ │ │ │ ├─┬ generate-object-property@1.2.0
94 silly idealTree │ │ │ │ │ └── is-property@1.0.2
94 silly idealTree │ │ │ │ ├── jsonpointer@2.0.0
94 silly idealTree │ │ │ │ └── xtend@4.0.1
94 silly idealTree │ │ │ └─┬ pinkie-promise@2.0.1
94 silly idealTree │ │ │   └── pinkie@2.0.4
94 silly idealTree │ │ ├─┬ hawk@3.1.3
94 silly idealTree │ │ │ ├── boom@2.10.1
94 silly idealTree │ │ │ ├── cryptiles@2.0.5
94 silly idealTree │ │ │ ├── hoek@2.16.3
94 silly idealTree │ │ │ └── sntp@1.0.9
94 silly idealTree │ │ ├─┬ http-signature@1.1.1
94 silly idealTree │ │ │ ├── assert-plus@0.2.0
94 silly idealTree │ │ │ ├─┬ jsprim@1.3.0
94 silly idealTree │ │ │ │ ├── extsprintf@1.0.2
94 silly idealTree │ │ │ │ ├── json-schema@0.2.2
94 silly idealTree │ │ │ │ └── verror@1.3.6
94 silly idealTree │ │ │ └─┬ sshpk@1.9.2
94 silly idealTree │ │ │   ├── asn1@0.2.3
94 silly idealTree │ │ │   ├── assert-plus@1.0.0
94 silly idealTree │ │ │   ├── dashdash@1.14.0
94 silly idealTree │ │ │   ├── ecc-jsbn@0.1.1
94 silly idealTree │ │ │   ├── getpass@0.1.6
94 silly idealTree │ │ │   ├── jodid25519@1.0.2
94 silly idealTree │ │ │   ├── jsbn@0.1.0
94 silly idealTree │ │ │   └── tweetnacl@0.13.3
94 silly idealTree │ │ ├── is-typedarray@1.0.0
94 silly idealTree │ │ ├── isstream@0.1.2
94 silly idealTree │ │ ├── json-stringify-safe@5.0.1
94 silly idealTree │ │ ├─┬ mime-types@2.1.11
94 silly idealTree │ │ │ └── mime-db@1.23.0
94 silly idealTree │ │ ├── node-uuid@1.4.7
94 silly idealTree │ │ ├── oauth-sign@0.8.2
94 silly idealTree │ │ ├── qs@6.2.1
94 silly idealTree │ │ ├── stringstream@0.0.5
94 silly idealTree │ │ ├── tough-cookie@2.3.1
94 silly idealTree │ │ └── tunnel-agent@0.4.3
94 silly idealTree │ ├── retry@0.10.0
94 silly idealTree │ ├── rimraf@2.5.4
94 silly idealTree │ ├── semver@5.1.0
94 silly idealTree │ ├─┬ sha@2.0.1
94 silly idealTree │ │ └─┬ readable-stream@2.0.2
94 silly idealTree │ │   ├── core-util-is@1.0.1
94 silly idealTree │ │   ├── isarray@0.0.1
94 silly idealTree │ │   ├── process-nextick-args@1.0.3
94 silly idealTree │ │   ├── string_decoder@0.10.31
94 silly idealTree │ │   └── util-deprecate@1.0.1
94 silly idealTree │ ├── slide@1.1.6
94 silly idealTree │ ├── sorted-object@2.0.0
94 silly idealTree │ ├── spdx-license-ids@1.2.2
94 silly idealTree │ ├── strip-ansi@3.0.1
94 silly idealTree │ ├── tar@2.2.1
94 silly idealTree │ ├── text-table@0.2.0
94 silly idealTree │ ├── uid-number@0.0.6
94 silly idealTree │ ├── umask@1.1.0
94 silly idealTree │ ├─┬ validate-npm-package-license@3.0.1
94 silly idealTree │ │ ├── spdx-correct@1.0.2
94 silly idealTree │ │ └─┬ spdx-expression-parse@1.0.2
94 silly idealTree │ │   └── spdx-exceptions@1.0.4
94 silly idealTree │ ├─┬ validate-npm-package-name@2.2.2
94 silly idealTree │ │ └── builtins@0.0.7
94 silly idealTree │ ├─┬ which@1.2.11
94 silly idealTree │ │ └── isexe@1.1.2
94 silly idealTree │ ├── wrappy@1.0.2
94 silly idealTree │ └── write-file-atomic@1.1.4
94 silly idealTree ├── number-is-nan@1.0.1
94 silly idealTree ├── oauth-sign@0.8.2
94 silly idealTree ├── object-assign@4.1.1
94 silly idealTree ├── object-keys@1.0.11
94 silly idealTree ├── object.omit@2.0.1
94 silly idealTree ├── on-finished@2.3.0
94 silly idealTree ├── on-headers@1.0.1
94 silly idealTree ├── once@1.4.0
94 silly idealTree ├── onetime@1.1.0
94 silly idealTree ├── opener@1.4.2
94 silly idealTree ├── opn@5.1.0
94 silly idealTree ├── os-browserify@0.1.2
94 silly idealTree ├── os-homedir@1.0.2
94 silly idealTree ├── os-name@1.0.3
94 silly idealTree ├── os-tmpdir@1.0.2
94 silly idealTree ├── osenv@0.1.4
94 silly idealTree ├─┬ osx-release@1.1.0
94 silly idealTree │ └── minimist@1.2.0
94 silly idealTree ├── package-json@1.2.0
94 silly idealTree ├── pako@0.2.9
94 silly idealTree ├── parents@1.0.1
94 silly idealTree ├── parse-asn1@5.1.0
94 silly idealTree ├── parse-glob@3.0.4
94 silly idealTree ├── parseurl@1.3.1
94 silly idealTree ├── path-browserify@0.0.0
94 silly idealTree ├── path-is-absolute@1.0.1
94 silly idealTree ├── path-parse@1.0.5
94 silly idealTree ├── path-platform@0.11.15
94 silly idealTree ├── path-to-regexp@0.1.7
94 silly idealTree ├── pbkdf2@3.0.13
94 silly idealTree ├── pegjs@0.10.0
94 silly idealTree ├── pinkie-promise@2.0.1
94 silly idealTree ├── pinkie@2.0.4
94 silly idealTree ├── plist@1.2.0
94 silly idealTree ├── prepend-http@1.0.4
94 silly idealTree ├── preserve@0.2.0
94 silly idealTree ├── process-nextick-args@1.0.7
94 silly idealTree ├── process@0.11.10
94 silly idealTree ├── promzard@0.3.0
94 silly idealTree ├── properties-parser@0.3.1
94 silly idealTree ├── proxy-addr@1.1.5
94 silly idealTree ├── proxy-middleware@0.15.0
94 silly idealTree ├── pseudomap@1.0.2
94 silly idealTree ├── public-encrypt@4.0.0
94 silly idealTree ├── punycode@1.4.1
94 silly idealTree ├── q@1.0.1
94 silly idealTree ├── qs@6.5.0
94 silly idealTree ├── querystring-es3@0.2.1
94 silly idealTree ├── querystring@0.2.0
94 silly idealTree ├─┬ randomatic@1.1.7
94 silly idealTree │ ├─┬ is-number@3.0.0
94 silly idealTree │ │ └── kind-of@3.2.2
94 silly idealTree │ └── kind-of@4.0.0
94 silly idealTree ├── randombytes@2.0.5
94 silly idealTree ├── range-parser@1.2.0
94 silly idealTree ├─┬ raw-body@1.1.7
94 silly idealTree │ └── bytes@1.0.0
94 silly idealTree ├─┬ rc@1.2.1
94 silly idealTree │ └── minimist@1.2.0
94 silly idealTree ├── read-all-stream@3.1.0
94 silly idealTree ├── read-only-stream@2.0.0
94 silly idealTree ├─┬ read-package-json@2.0.12
94 silly idealTree │ └── glob@7.1.2
94 silly idealTree ├── read@1.0.7
94 silly idealTree ├─┬ readable-stream@2.3.3
94 silly idealTree │ ├── isarray@1.0.0
94 silly idealTree │ └── string_decoder@1.0.3
94 silly idealTree ├── readdirp@2.1.0
94 silly idealTree ├─┬ readline2@1.0.1
94 silly idealTree │ └── mute-stream@0.0.5
94 silly idealTree ├── rechoir@0.6.2
94 silly idealTree ├── regex-cache@0.4.4
94 silly idealTree ├── registry-url@3.1.0
94 silly idealTree ├── remove-trailing-separator@1.1.0
94 silly idealTree ├── repeat-element@1.1.2
94 silly idealTree ├── repeat-string@1.6.1
94 silly idealTree ├── repeating@1.1.3
94 silly idealTree ├─┬ request@2.79.0
94 silly idealTree │ ├── qs@6.3.2
94 silly idealTree │ └── uuid@3.1.0
94 silly idealTree ├── resolve@1.4.0
94 silly idealTree ├── restore-cursor@1.0.1
94 silly idealTree ├─┬ rimraf@2.6.1
94 silly idealTree │ └── glob@7.1.2
94 silly idealTree ├── ripemd160@2.0.1
94 silly idealTree ├── rsvp@3.6.2
94 silly idealTree ├── run-async@0.1.0
94 silly idealTree ├── rx-lite-aggregates@4.0.8
94 silly idealTree ├── rx-lite@3.1.2
94 silly idealTree ├── safe-buffer@5.1.1
94 silly idealTree ├── safe-json-parse@1.0.1
94 silly idealTree ├── sax@0.3.5
94 silly idealTree ├── semver-diff@2.1.0
94 silly idealTree ├── semver@5.4.1
94 silly idealTree ├── send@0.15.4
94 silly idealTree ├── serve-static@1.12.4
94 silly idealTree ├── set-immediate-shim@1.0.1
94 silly idealTree ├── setprototypeof@1.0.3
94 silly idealTree ├── sha.js@2.4.8
94 silly idealTree ├── shasum@1.0.2
94 silly idealTree ├── shebang-command@1.2.0
94 silly idealTree ├── shebang-regex@1.0.0
94 silly idealTree ├── shell-quote@1.6.1
94 silly idealTree ├── shelljs@0.5.3
94 silly idealTree ├── signal-exit@3.0.2
94 silly idealTree ├─┬ simple-plist@0.2.1
94 silly idealTree │ ├── base64-js@1.1.2
94 silly idealTree │ ├── plist@2.0.1
94 silly idealTree │ └── xmlbuilder@8.2.2
94 silly idealTree ├── slash@1.0.0
94 silly idealTree ├─┬ slice-ansi@1.0.0
94 silly idealTree │ └── is-fullwidth-code-point@2.0.0
94 silly idealTree ├── slide@1.1.6
94 silly idealTree ├── sntp@1.0.9
94 silly idealTree ├── source-map@0.5.7
94 silly idealTree ├── spdx-correct@1.0.2
94 silly idealTree ├── spdx-expression-parse@1.0.4
94 silly idealTree ├── spdx-license-ids@1.2.2
94 silly idealTree ├── ssh-config@1.0.1
94 silly idealTree ├─┬ sshpk@1.13.1
94 silly idealTree │ └── assert-plus@1.0.0
94 silly idealTree ├── statuses@1.3.1
94 silly idealTree ├── stream-browserify@2.0.1
94 silly idealTree ├── stream-buffers@2.2.0
94 silly idealTree ├── stream-combiner2@1.1.1
94 silly idealTree ├── stream-http@2.7.2
94 silly idealTree ├── stream-shift@1.0.0
94 silly idealTree ├── stream-splicer@2.0.0
94 silly idealTree ├── string_decoder@0.10.31
94 silly idealTree ├── string-length@1.0.1
94 silly idealTree ├── string-template@0.2.1
94 silly idealTree ├─┬ string-width@2.1.1
94 silly idealTree │ ├── ansi-regex@3.0.0
94 silly idealTree │ ├── is-fullwidth-code-point@2.0.0
94 silly idealTree │ └── strip-ansi@4.0.0
94 silly idealTree ├── string.prototype.codepointat@0.2.0
94 silly idealTree ├── stringstream@0.0.5
94 silly idealTree ├── strip-ansi@3.0.1
94 silly idealTree ├── strip-json-comments@2.0.1
94 silly idealTree ├─┬ subarg@1.0.0
94 silly idealTree │ └── minimist@1.2.0
94 silly idealTree ├─┬ superagent@3.6.0
94 silly idealTree │ └── mime@1.4.0
94 silly idealTree ├── supports-color@2.0.0
94 silly idealTree ├─┬ syntax-error@1.3.0
94 silly idealTree │ └── acorn@4.0.13
94 silly idealTree ├── tar-stream@1.5.4
94 silly idealTree ├── tar@2.2.1
94 silly idealTree ├── through@2.3.8
94 silly idealTree ├── through2@2.0.3
94 silly idealTree ├── timed-out@2.0.0
94 silly idealTree ├── timers-browserify@1.4.2
94 silly idealTree ├── tiny-lr@1.0.5
94 silly idealTree ├── tmp@0.0.31
94 silly idealTree ├── to-arraybuffer@1.0.1
94 silly idealTree ├── tough-cookie@2.3.2
94 silly idealTree ├── tslib@1.7.1
94 silly idealTree ├── tty-browserify@0.0.0
94 silly idealTree ├── tunnel-agent@0.4.3
94 silly idealTree ├── tweetnacl@0.14.5
94 silly idealTree ├── type-is@1.6.15
94 silly idealTree ├── typedarray@0.0.6
94 silly idealTree ├── umd@3.0.1
94 silly idealTree ├── underscore@1.8.3
94 silly idealTree ├── unorm@1.4.1
94 silly idealTree ├── unpipe@1.0.0
94 silly idealTree ├─┬ update-notifier@0.5.0
94 silly idealTree │ └── configstore@1.4.0
94 silly idealTree ├─┬ url@0.11.0
94 silly idealTree │ └── punycode@1.3.2
94 silly idealTree ├── util-deprecate@1.0.2
94 silly idealTree ├─┬ util@0.10.3
94 silly idealTree │ └── inherits@2.0.1
94 silly idealTree ├── utils-merge@1.0.0
94 silly idealTree ├── uuid@2.0.3
94 silly idealTree ├── valid-identifier@0.0.1
94 silly idealTree ├── validate-npm-package-license@3.0.1
94 silly idealTree ├── validate-npm-package-name@3.0.0
94 silly idealTree ├── vary@1.1.1
94 silly idealTree ├─┬ verror@1.10.0
94 silly idealTree │ └── assert-plus@1.0.0
94 silly idealTree ├── vm-browserify@0.0.4
94 silly idealTree ├── walkdir@0.0.11
94 silly idealTree ├── websocket-driver@0.6.5
94 silly idealTree ├── websocket-extensions@0.1.1
94 silly idealTree ├── which@1.3.0
94 silly idealTree ├── win-release@1.1.1
94 silly idealTree ├─┬ wrap-ansi@3.0.1
94 silly idealTree │ ├── ansi-regex@3.0.0
94 silly idealTree │ └── strip-ansi@4.0.0
94 silly idealTree ├── wrappy@1.0.2
94 silly idealTree ├── write-file-atomic@1.3.4
94 silly idealTree ├─┬ xcode@0.9.3
94 silly idealTree │ └── uuid@3.0.1
94 silly idealTree ├── xdg-basedir@2.0.0
94 silly idealTree ├── xmlbuilder@4.0.0
94 silly idealTree ├── xmldom@0.1.27
94 silly idealTree ├── xtend@4.0.1
94 silly idealTree ├── yallist@2.1.2
94 silly idealTree └─┬ zip-stream@1.2.0
94 silly idealTree   └── lodash@4.17.4
95 silly generateActionsToTake Starting
96 silly install generateActionsToTake
97 warn checkPermissions Missing write access to /home/ange-marie/node_modules
98 silly rollbackFailedOptional Starting
99 silly rollbackFailedOptional Finishing
100 silly runTopLevelLifecycles Finishing
101 silly install printInstalled
102 warn optional SKIPPING OPTIONAL DEPENDENCY: fsevents@^1.0.0 (node_modules/chokidar/node_modules/fsevents):
103 warn notsup SKIPPING OPTIONAL DEPENDENCY: Unsupported platform for fsevents@1.1.3: wanted {"os":"darwin","arch":"any"} (current: {"os":"linux","arch":"x64"})
104 verbose notsup SKIPPING OPTIONAL DEPENDENCY: Valid OS:    darwin
104 verbose notsup SKIPPING OPTIONAL DEPENDENCY: Valid Arch:  any
104 verbose notsup SKIPPING OPTIONAL DEPENDENCY: Actual OS:   linux
104 verbose notsup SKIPPING OPTIONAL DEPENDENCY: Actual Arch: x64
105 warn enoent ENOENT: no such file or directory, open '/home/ange-marie/package.json'
106 verbose enoent ENOENT: no such file or directory, open '/home/ange-marie/package.json'
106 verbose enoent This is most likely not a problem with npm itself
106 verbose enoent and is related to npm not being able to find a file.
107 warn ange-marie No description
108 verbose If you need help, you may report this error at:
108 verbose     <https://github.com/npm/npm/issues>
109 warn ange-marie No repository field.
110 verbose If you need help, you may report this error at:
110 verbose     <https://github.com/npm/npm/issues>
111 warn ange-marie No README data
112 verbose If you need help, you may report this error at:
112 verbose     <https://github.com/npm/npm/issues>
113 warn ange-marie No license field.
114 verbose If you need help, you may report this error at:
114 verbose     <https://github.com/npm/npm/issues>
115 verbose stack Error: EACCES: permission denied, access '/home/ange-marie/node_modules'
115 verbose stack     at Error (native)
116 verbose cwd /home/ange-marie/workspace/ClickerGame
117 error Linux 4.4.0-104-generic
118 error argv "/usr/bin/node" "/usr/bin/npm" "install" "jquery"
119 error node v6.12.3
120 error npm  v3.10.10
121 error path /home/ange-marie/node_modules
122 error code EACCES
123 error errno -13
124 error syscall access
125 error Error: EACCES: permission denied, access '/home/ange-marie/node_modules'
125 error     at Error (native)
125 error  { Error: EACCES: permission denied, access '/home/ange-marie/node_modules'
125 error     at Error (native)
125 error   errno: -13,
125 error   code: 'EACCES',
125 error   syscall: 'access',
125 error   path: '/home/ange-marie/node_modules' }
126 error Please try running this command again as root/Administrator.
127 verbose exit [ -13, true ]
